<?xml version="1.0" encoding="UTF-8"?>
<!-- Generated by org.testng.reporters.JUnitReportReporter -->
<testsuite hostname="FOCUS-QA-133" name="com.focus.testcases.ItemQueryPageTest" tests="11" failures="0" timestamp="12 Mar 2024 07:56:39 GMT" time="154.063" errors="0">
  <testcase name="checkStockLedgerReportForBrBatchItem" time="14.928" classname="com.focus.testcases.ItemQueryPageTest"/>
  <testcase name="checkStockLedgerReportForBrBatchItem" time="13.280" classname="com.focus.testcases.ItemQueryPageTest"/>
  <testcase name="checkStockLedgerReportForBrBatchItem" time="13.779" classname="com.focus.testcases.ItemQueryPageTest"/>
  <testcase name="checkStockLedgerReportForBrBatchItem" time="13.282" classname="com.focus.testcases.ItemQueryPageTest"/>
  <testcase name="checkStockLedgerReportForBrBatchItem" time="13.267" classname="com.focus.testcases.ItemQueryPageTest"/>
  <testcase name="checkStockLedgerReportForBrBatchItem" time="13.584" classname="com.focus.testcases.ItemQueryPageTest"/>
  <testcase name="checkStockLedgerReportForBrBatchItem" time="13.228" classname="com.focus.testcases.ItemQueryPageTest"/>
  <testcase name="checkLogin" time="18.297" classname="com.focus.testcases.ItemQueryPageTest"/>
  <testcase name="checkStockLedgerReportForBrBatchItem" time="13.590" classname="com.focus.testcases.ItemQueryPageTest"/>
  <testcase name="checkStockLedgerReportForBrBatchItem" time="13.527" classname="com.focus.testcases.ItemQueryPageTest"/>
  <testcase name="checkStockLedgerReportForBrBatchItem" time="13.301" classname="com.focus.testcases.ItemQueryPageTest"/>
</testsuite> <!-- com.focus.testcases.ItemQueryPageTest -->
