<?xml version="1.0" encoding="UTF-8"?>
<!-- Generated by org.testng.reporters.JUnitReportReporter -->
<testsuite hostname="FOCUS-QA-133" failures="1" tests="64" name="com.focus.testcases.StockAnalysisBatchPageTest" time="302.401" errors="60" timestamp="2026-05-20T22:21:16 IST" skipped="0">
  <testcase classname="com.focus.testcases.StockAnalysisBatchPageTest" name="checkLogin" time="27.254">
    <system-out>
      <![CDATA[About to begin executing following method : StockAnalysisBatchPageTest.checkLogin
Completed executing following method : StockAnalysisBatchPageTest.checkLogin
Test Method resides in com.focus.testcases.StockAnalysisBatchPageTest
Test Status: Pass
About to begin executing following method : BaseEngine.afterMethodExecution]]>
    </system-out>
  </testcase> <!-- checkLogin -->
  <testcase classname="com.focus.testcases.StockAnalysisBatchPageTest" name="checkExcessesInStocksVoucherForUnitConvertionScenario" time="115.688">
    <system-out>
      <![CDATA[About to begin executing following method : StockAnalysisBatchPageTest.checkExcessesInStocksVoucherForUnitConvertionScenario
Completed executing following method : StockAnalysisBatchPageTest.checkExcessesInStocksVoucherForUnitConvertionScenario
Test Method resides in com.focus.testcases.StockAnalysisBatchPageTest
Test Status: Pass
About to begin executing following method : BaseEngine.afterMethodExecution]]>
    </system-out>
  </testcase> <!-- checkExcessesInStocksVoucherForUnitConvertionScenario -->
  <testcase classname="com.focus.testcases.StockAnalysisBatchPageTest" name="checkStockAnalysisByBatchReportAfterInward" time="17.361">
    <system-out>
      <![CDATA[About to begin executing following method : StockAnalysisBatchPageTest.checkStockAnalysisByBatchReportAfterInward
Completed executing following method : StockAnalysisBatchPageTest.checkStockAnalysisByBatchReportAfterInward
Test Method resides in com.focus.testcases.StockAnalysisBatchPageTest
Test Status: Pass
About to begin executing following method : BaseEngine.afterMethodExecution]]>
    </system-out>
  </testcase> <!-- checkStockAnalysisByBatchReportAfterInward -->
  <testcase classname="com.focus.testcases.StockAnalysisBatchPageTest" name="checkSavingShortageInStockVoucher1" time="39.759">
    <failure message="expected [true] but found [false]" type="java.lang.AssertionError">
      <![CDATA[java.lang.AssertionError: expected [true] but found [false]
at org.testng.Assert.fail(Assert.java:111)
at org.testng.Assert.failNotEquals(Assert.java:1590)
at org.testng.Assert.assertEqualsImpl(Assert.java:150)
at org.testng.Assert.assertEquals(Assert.java:132)
at org.testng.Assert.assertEquals(Assert.java:1079)
at org.testng.Assert.assertEquals(Assert.java:1043)
at org.testng.Assert.assertEquals(Assert.java:1089)
at com.focus.testcases.StockAnalysisBatchPageTest.checkSavingShortageInStockVoucher1(StockAnalysisBatchPageTest.java:45)
at java.base/jdk.internal.reflect.DirectMethodHandleAccessor.invoke(DirectMethodHandleAccessor.java:103)
at java.base/java.lang.reflect.Method.invoke(Method.java:580)
at org.testng.internal.invokers.MethodInvocationHelper.invokeMethod(MethodInvocationHelper.java:141)
at org.testng.internal.invokers.TestInvoker.invokeMethod(TestInvoker.java:687)
at org.testng.internal.invokers.TestInvoker.invokeTestMethod(TestInvoker.java:230)
at org.testng.internal.invokers.MethodRunner.runInSequence(MethodRunner.java:63)
at org.testng.internal.invokers.TestInvoker$MethodInvocationAgent.invoke(TestInvoker.java:995)
at org.testng.internal.invokers.TestInvoker.invokeTestMethods(TestInvoker.java:203)
at org.testng.internal.invokers.TestMethodWorker.invokeTestMethods(TestMethodWorker.java:154)
at org.testng.internal.invokers.TestMethodWorker.run(TestMethodWorker.java:134)
at java.base/java.util.ArrayList.forEach(ArrayList.java:1596)
at org.testng.TestRunner.privateRun(TestRunner.java:741)
at org.testng.TestRunner.run(TestRunner.java:616)
at org.testng.SuiteRunner.runTest(SuiteRunner.java:421)
at org.testng.SuiteRunner.runSequentially(SuiteRunner.java:413)
at org.testng.SuiteRunner.privateRun(SuiteRunner.java:373)
at org.testng.SuiteRunner.run(SuiteRunner.java:312)
at org.testng.SuiteRunnerWorker.runSuite(SuiteRunnerWorker.java:52)
at org.testng.SuiteRunnerWorker.run(SuiteRunnerWorker.java:95)
at org.testng.TestNG.runSuitesSequentially(TestNG.java:1274)
at org.testng.TestNG.runSuitesLocally(TestNG.java:1208)
at org.testng.TestNG.runSuites(TestNG.java:1112)
at org.testng.TestNG.run(TestNG.java:1079)
at org.testng.remote.AbstractRemoteTestNG.run(AbstractRemoteTestNG.java:115)
at org.testng.remote.RemoteTestNG.initAndRun(RemoteTestNG.java:293)
at org.testng.remote.RemoteTestNG.main(RemoteTestNG.java:91)
]]>
    </failure>
    <system-out>
      <![CDATA[About to begin executing following method : StockAnalysisBatchPageTest.checkSavingShortageInStockVoucher1
Completed executing following method : StockAnalysisBatchPageTest.checkSavingShortageInStockVoucher1
Test Method resides in com.focus.testcases.StockAnalysisBatchPageTest
Test Status: Failed
About to begin executing following method : BaseEngine.afterMethodExecution]]>
    </system-out>
  </testcase> <!-- checkSavingShortageInStockVoucher1 -->
  <testcase classname="com.focus.testcases.StockAnalysisBatchPageTest" name="checkStockAnalysisByBatchReportAfterOutWardDocument" time="1.314">
    <error message="element click intercepted: Element &lt;input type=&quot;text&quot; id=&quot;id_menu_search_input&quot; style=&quot;width:100%;height:95%;border:none;outline:none;&quot; placeholder=&quot;Menu Search / Ask anything&quot; oninput=&quot;GENERAL.searchMenu(this,&#039;homeMenuRun&#039;,&#039;&#039;,event)&quot; onkeydown=&quot;GENERAL.searchMenu(this,&#039;homeMenuRun&#039;,&#039;&#039;,event)&quot; value=&quot;&quot; autocomplete=&quot;off&quot; onfocus=&quot;GENERAL.hideOpenMenus();&quot; onfocusout=&quot;GENERAL.emptySearchText(this);&quot;&gt; is not clickable at point (718, 29). Other element would receive the click: &lt;div class=&quot;modal fade ui-draggable ui-draggable-handle show&quot; id=&quot;id_fconfirm&quot; role=&quot;dialog&quot; data-bs-backdrop=&quot;static&quot; data-bs-keyboard=&quot;false&quot; aria-modal=&quot;true&quot; style=&quot;padding-right: 10px; display: block;&quot;&gt;...&lt;/div&gt;
  (Session info: chrome=147.0.7727.138)
Build info: version: &#039;3.12.0&#039;, revision: &#039;7c6e0b3&#039;, time: &#039;2018-05-08T14:04:26.12Z&#039;
System info: host: &#039;FOCUS-QA-133&#039;, ip: &#039;192.168.4.108&#039;, os.name: &#039;Windows 11&#039;, os.arch: &#039;amd64&#039;, os.version: &#039;10.0&#039;, java.version: &#039;21.0.8&#039;
Driver info: org.openqa.selenium.chrome.ChromeDriver
Capabilities {acceptInsecureCerts: false, browserName: chrome, browserVersion: 147.0.7727.138, chrome: {chromedriverVersion: 146.0.7680.165 (4b989da09e1..., userDataDir: C:\Users\Sanjeev\AppData\Lo...}, fedcm:accounts: true, goog:chromeOptions: {debuggerAddress: localhost:52451}, goog:processID: 11080, javascriptEnabled: true, networkConnectionEnabled: false, pageLoadStrategy: normal, platform: WINDOWS, platformName: WINDOWS, proxy: Proxy(), setWindowRect: true, strictFileInteractability: false, timeouts: {implicit: 0, pageLoad: 300000, script: 30000}, unhandledPromptBehavior: dismiss and notify, webauthn:extension:credBlob: true, webauthn:extension:largeBlob: true, webauthn:extension:minPinLength: true, webauthn:extension:prf: true, webauthn:virtualAuthenticators: true}
Session ID: 3722955a1aa5651bea079eca59d06aba" type="org.openqa.selenium.ElementClickInterceptedException">
      <![CDATA[org.openqa.selenium.ElementClickInterceptedException: element click intercepted: Element <input type="text" id="id_menu_search_input" style="width:100%;height:95%;border:none;outline:none;" placeholder="Menu Search / Ask anything" oninput="GENERAL.searchMenu(this,'homeMenuRun','',event)" onkeydown="GENERAL.searchMenu(this,'homeMenuRun','',event)" value="" autocomplete="off" onfocus="GENERAL.hideOpenMenus();" onfocusout="GENERAL.emptySearchText(this);"> is not clickable at point (718, 29). Other element would receive the click: <div class="modal fade ui-draggable ui-draggable-handle show" id="id_fconfirm" role="dialog" data-bs-backdrop="static" data-bs-keyboard="false" aria-modal="true" style="padding-right: 10px; display: block;">...</div>
  (Session info: chrome=147.0.7727.138)
Build info: version: '3.12.0', revision: '7c6e0b3', time: '2018-05-08T14:04:26.12Z'
System info: host: 'FOCUS-QA-133', ip: '192.168.4.108', os.name: 'Windows 11', os.arch: 'amd64', os.version: '10.0', java.version: '21.0.8'
Driver info: org.openqa.selenium.chrome.ChromeDriver
Capabilities {acceptInsecureCerts: false, browserName: chrome, browserVersion: 147.0.7727.138, chrome: {chromedriverVersion: 146.0.7680.165 (4b989da09e1..., userDataDir: C:\Users\Sanjeev\AppData\Lo...}, fedcm:accounts: true, goog:chromeOptions: {debuggerAddress: localhost:52451}, goog:processID: 11080, javascriptEnabled: true, networkConnectionEnabled: false, pageLoadStrategy: normal, platform: WINDOWS, platformName: WINDOWS, proxy: Proxy(), setWindowRect: true, strictFileInteractability: false, timeouts: {implicit: 0, pageLoad: 300000, script: 30000}, unhandledPromptBehavior: dismiss and notify, webauthn:extension:credBlob: true, webauthn:extension:largeBlob: true, webauthn:extension:minPinLength: true, webauthn:extension:prf: true, webauthn:virtualAuthenticators: true}
Session ID: 3722955a1aa5651bea079eca59d06aba
at java.base/jdk.internal.reflect.DirectConstructorHandleAccessor.newInstance(DirectConstructorHandleAccessor.java:62)
at java.base/java.lang.reflect.Constructor.newInstanceWithCaller(Constructor.java:502)
at java.base/java.lang.reflect.Constructor.newInstance(Constructor.java:486)
at org.openqa.selenium.remote.http.W3CHttpResponseCodec.createException(W3CHttpResponseCodec.java:187)
at org.openqa.selenium.remote.http.W3CHttpResponseCodec.decode(W3CHttpResponseCodec.java:122)
at org.openqa.selenium.remote.http.W3CHttpResponseCodec.decode(W3CHttpResponseCodec.java:49)
at org.openqa.selenium.remote.HttpCommandExecutor.execute(HttpCommandExecutor.java:158)
at org.openqa.selenium.remote.service.DriverCommandExecutor.execute(DriverCommandExecutor.java:83)
at org.openqa.selenium.remote.RemoteWebDriver.execute(RemoteWebDriver.java:543)
at org.openqa.selenium.remote.RemoteWebElement.execute(RemoteWebElement.java:276)
at org.openqa.selenium.remote.RemoteWebElement.click(RemoteWebElement.java:83)
at java.base/jdk.internal.reflect.DirectMethodHandleAccessor.invoke(DirectMethodHandleAccessor.java:103)
at java.base/java.lang.reflect.Method.invoke(Method.java:580)
at org.openqa.selenium.support.pagefactory.internal.LocatingElementHandler.invoke(LocatingElementHandler.java:51)
at jdk.proxy2/jdk.proxy2.$Proxy19.click(Unknown Source)
at com.focus.base.BaseEngine.click(BaseEngine.java:527)
at com.focus.Pages.StockAnalysisBatchPage.checkStockAnalysisByBatchReportAfterOutWardDocument(StockAnalysisBatchPage.java:592)
at com.focus.testcases.StockAnalysisBatchPageTest.checkStockAnalysisByBatchReportAfterOutWardDocument(StockAnalysisBatchPageTest.java:52)
at java.base/jdk.internal.reflect.DirectMethodHandleAccessor.invoke(DirectMethodHandleAccessor.java:103)
at java.base/java.lang.reflect.Method.invoke(Method.java:580)
at org.testng.internal.invokers.MethodInvocationHelper.invokeMethod(MethodInvocationHelper.java:141)
at org.testng.internal.invokers.TestInvoker.invokeMethod(TestInvoker.java:687)
at org.testng.internal.invokers.TestInvoker.invokeTestMethod(TestInvoker.java:230)
at org.testng.internal.invokers.MethodRunner.runInSequence(MethodRunner.java:63)
at org.testng.internal.invokers.TestInvoker$MethodInvocationAgent.invoke(TestInvoker.java:995)
at org.testng.internal.invokers.TestInvoker.invokeTestMethods(TestInvoker.java:203)
at org.testng.internal.invokers.TestMethodWorker.invokeTestMethods(TestMethodWorker.java:154)
at org.testng.internal.invokers.TestMethodWorker.run(TestMethodWorker.java:134)
at java.base/java.util.ArrayList.forEach(ArrayList.java:1596)
at org.testng.TestRunner.privateRun(TestRunner.java:741)
at org.testng.TestRunner.run(TestRunner.java:616)
at org.testng.SuiteRunner.runTest(SuiteRunner.java:421)
at org.testng.SuiteRunner.runSequentially(SuiteRunner.java:413)
at org.testng.SuiteRunner.privateRun(SuiteRunner.java:373)
at org.testng.SuiteRunner.run(SuiteRunner.java:312)
at org.testng.SuiteRunnerWorker.runSuite(SuiteRunnerWorker.java:52)
at org.testng.SuiteRunnerWorker.run(SuiteRunnerWorker.java:95)
at org.testng.TestNG.runSuitesSequentially(TestNG.java:1274)
at org.testng.TestNG.runSuitesLocally(TestNG.java:1208)
at org.testng.TestNG.runSuites(TestNG.java:1112)
at org.testng.TestNG.run(TestNG.java:1079)
at org.testng.remote.AbstractRemoteTestNG.run(AbstractRemoteTestNG.java:115)
at org.testng.remote.RemoteTestNG.initAndRun(RemoteTestNG.java:293)
at org.testng.remote.RemoteTestNG.main(RemoteTestNG.java:91)
]]>
    </error>
    <system-out>
      <![CDATA[About to begin executing following method : StockAnalysisBatchPageTest.checkStockAnalysisByBatchReportAfterOutWardDocument
Completed executing following method : StockAnalysisBatchPageTest.checkStockAnalysisByBatchReportAfterOutWardDocument
Test Method resides in com.focus.testcases.StockAnalysisBatchPageTest
Test Status: Failed
About to begin executing following method : BaseEngine.afterMethodExecution]]>
    </system-out>
  </testcase> <!-- checkStockAnalysisByBatchReportAfterOutWardDocument -->
  <testcase classname="com.focus.testcases.StockAnalysisBatchPageTest" name="checkSuspendShortageInStockVoucher1" time="1.289">
    <error message="element click intercepted: Element &lt;a href=&quot;#&quot; id=&quot;135&quot; title=&quot;Inventory&quot; data-toggle=&quot;true&quot; data-bind=&quot;0&quot; class=&quot;nav-link hovco&quot; onclick=&quot;GLOBAL.DisplayList(this)&quot;&gt;...&lt;/a&gt; is not clickable at point (45, 323). Other element would receive the click: &lt;div class=&quot;modal fade ui-draggable ui-draggable-handle show&quot; id=&quot;id_fconfirm&quot; role=&quot;dialog&quot; data-bs-backdrop=&quot;static&quot; data-bs-keyboard=&quot;false&quot; aria-modal=&quot;true&quot; style=&quot;padding-right: 10px; display: block;&quot;&gt;...&lt;/div&gt;
  (Session info: chrome=147.0.7727.138)
Build info: version: &#039;3.12.0&#039;, revision: &#039;7c6e0b3&#039;, time: &#039;2018-05-08T14:04:26.12Z&#039;
System info: host: &#039;FOCUS-QA-133&#039;, ip: &#039;192.168.4.108&#039;, os.name: &#039;Windows 11&#039;, os.arch: &#039;amd64&#039;, os.version: &#039;10.0&#039;, java.version: &#039;21.0.8&#039;
Driver info: org.openqa.selenium.chrome.ChromeDriver
Capabilities {acceptInsecureCerts: false, browserName: chrome, browserVersion: 147.0.7727.138, chrome: {chromedriverVersion: 146.0.7680.165 (4b989da09e1..., userDataDir: C:\Users\Sanjeev\AppData\Lo...}, fedcm:accounts: true, goog:chromeOptions: {debuggerAddress: localhost:52451}, goog:processID: 11080, javascriptEnabled: true, networkConnectionEnabled: false, pageLoadStrategy: normal, platform: WINDOWS, platformName: WINDOWS, proxy: Proxy(), setWindowRect: true, strictFileInteractability: false, timeouts: {implicit: 0, pageLoad: 300000, script: 30000}, unhandledPromptBehavior: dismiss and notify, webauthn:extension:credBlob: true, webauthn:extension:largeBlob: true, webauthn:extension:minPinLength: true, webauthn:extension:prf: true, webauthn:virtualAuthenticators: true}
Session ID: 3722955a1aa5651bea079eca59d06aba" type="org.openqa.selenium.ElementClickInterceptedException">
      <![CDATA[org.openqa.selenium.ElementClickInterceptedException: element click intercepted: Element <a href="#" id="135" title="Inventory" data-toggle="true" data-bind="0" class="nav-link hovco" onclick="GLOBAL.DisplayList(this)">...</a> is not clickable at point (45, 323). Other element would receive the click: <div class="modal fade ui-draggable ui-draggable-handle show" id="id_fconfirm" role="dialog" data-bs-backdrop="static" data-bs-keyboard="false" aria-modal="true" style="padding-right: 10px; display: block;">...</div>
  (Session info: chrome=147.0.7727.138)
Build info: version: '3.12.0', revision: '7c6e0b3', time: '2018-05-08T14:04:26.12Z'
System info: host: 'FOCUS-QA-133', ip: '192.168.4.108', os.name: 'Windows 11', os.arch: 'amd64', os.version: '10.0', java.version: '21.0.8'
Driver info: org.openqa.selenium.chrome.ChromeDriver
Capabilities {acceptInsecureCerts: false, browserName: chrome, browserVersion: 147.0.7727.138, chrome: {chromedriverVersion: 146.0.7680.165 (4b989da09e1..., userDataDir: C:\Users\Sanjeev\AppData\Lo...}, fedcm:accounts: true, goog:chromeOptions: {debuggerAddress: localhost:52451}, goog:processID: 11080, javascriptEnabled: true, networkConnectionEnabled: false, pageLoadStrategy: normal, platform: WINDOWS, platformName: WINDOWS, proxy: Proxy(), setWindowRect: true, strictFileInteractability: false, timeouts: {implicit: 0, pageLoad: 300000, script: 30000}, unhandledPromptBehavior: dismiss and notify, webauthn:extension:credBlob: true, webauthn:extension:largeBlob: true, webauthn:extension:minPinLength: true, webauthn:extension:prf: true, webauthn:virtualAuthenticators: true}
Session ID: 3722955a1aa5651bea079eca59d06aba
at java.base/jdk.internal.reflect.DirectConstructorHandleAccessor.newInstance(DirectConstructorHandleAccessor.java:62)
at java.base/java.lang.reflect.Constructor.newInstanceWithCaller(Constructor.java:502)
at java.base/java.lang.reflect.Constructor.newInstance(Constructor.java:486)
at org.openqa.selenium.remote.http.W3CHttpResponseCodec.createException(W3CHttpResponseCodec.java:187)
at org.openqa.selenium.remote.http.W3CHttpResponseCodec.decode(W3CHttpResponseCodec.java:122)
at org.openqa.selenium.remote.http.W3CHttpResponseCodec.decode(W3CHttpResponseCodec.java:49)
at org.openqa.selenium.remote.HttpCommandExecutor.execute(HttpCommandExecutor.java:158)
at org.openqa.selenium.remote.service.DriverCommandExecutor.execute(DriverCommandExecutor.java:83)
at org.openqa.selenium.remote.RemoteWebDriver.execute(RemoteWebDriver.java:543)
at org.openqa.selenium.remote.RemoteWebElement.execute(RemoteWebElement.java:276)
at org.openqa.selenium.remote.RemoteWebElement.click(RemoteWebElement.java:83)
at java.base/jdk.internal.reflect.DirectMethodHandleAccessor.invoke(DirectMethodHandleAccessor.java:103)
at java.base/java.lang.reflect.Method.invoke(Method.java:580)
at org.openqa.selenium.support.pagefactory.internal.LocatingElementHandler.invoke(LocatingElementHandler.java:51)
at jdk.proxy2/jdk.proxy2.$Proxy19.click(Unknown Source)
at com.focus.base.BaseEngine.click(BaseEngine.java:527)
at com.focus.Pages.StockAnalysisBatchPage.checkSuspendShortageInStockVoucher1(StockAnalysisBatchPage.java:664)
at com.focus.testcases.StockAnalysisBatchPageTest.checkSuspendShortageInStockVoucher1(StockAnalysisBatchPageTest.java:59)
at java.base/jdk.internal.reflect.DirectMethodHandleAccessor.invoke(DirectMethodHandleAccessor.java:103)
at java.base/java.lang.reflect.Method.invoke(Method.java:580)
at org.testng.internal.invokers.MethodInvocationHelper.invokeMethod(MethodInvocationHelper.java:141)
at org.testng.internal.invokers.TestInvoker.invokeMethod(TestInvoker.java:687)
at org.testng.internal.invokers.TestInvoker.invokeTestMethod(TestInvoker.java:230)
at org.testng.internal.invokers.MethodRunner.runInSequence(MethodRunner.java:63)
at org.testng.internal.invokers.TestInvoker$MethodInvocationAgent.invoke(TestInvoker.java:995)
at org.testng.internal.invokers.TestInvoker.invokeTestMethods(TestInvoker.java:203)
at org.testng.internal.invokers.TestMethodWorker.invokeTestMethods(TestMethodWorker.java:154)
at org.testng.internal.invokers.TestMethodWorker.run(TestMethodWorker.java:134)
at java.base/java.util.ArrayList.forEach(ArrayList.java:1596)
at org.testng.TestRunner.privateRun(TestRunner.java:741)
at org.testng.TestRunner.run(TestRunner.java:616)
at org.testng.SuiteRunner.runTest(SuiteRunner.java:421)
at org.testng.SuiteRunner.runSequentially(SuiteRunner.java:413)
at org.testng.SuiteRunner.privateRun(SuiteRunner.java:373)
at org.testng.SuiteRunner.run(SuiteRunner.java:312)
at org.testng.SuiteRunnerWorker.runSuite(SuiteRunnerWorker.java:52)
at org.testng.SuiteRunnerWorker.run(SuiteRunnerWorker.java:95)
at org.testng.TestNG.runSuitesSequentially(TestNG.java:1274)
at org.testng.TestNG.runSuitesLocally(TestNG.java:1208)
at org.testng.TestNG.runSuites(TestNG.java:1112)
at org.testng.TestNG.run(TestNG.java:1079)
at org.testng.remote.AbstractRemoteTestNG.run(AbstractRemoteTestNG.java:115)
at org.testng.remote.RemoteTestNG.initAndRun(RemoteTestNG.java:293)
at org.testng.remote.RemoteTestNG.main(RemoteTestNG.java:91)
]]>
    </error>
    <system-out>
      <![CDATA[About to begin executing following method : StockAnalysisBatchPageTest.checkSuspendShortageInStockVoucher1
Completed executing following method : StockAnalysisBatchPageTest.checkSuspendShortageInStockVoucher1
Test Method resides in com.focus.testcases.StockAnalysisBatchPageTest
Test Status: Failed
About to begin executing following method : BaseEngine.afterMethodExecution]]>
    </system-out>
  </testcase> <!-- checkSuspendShortageInStockVoucher1 -->
  <testcase classname="com.focus.testcases.StockAnalysisBatchPageTest" name="checkStockAnalysisByBatchReportAfterSuspendOutwardVoucher" time="1.329">
    <error message="element click intercepted: Element &lt;input type=&quot;text&quot; id=&quot;id_menu_search_input&quot; style=&quot;width:100%;height:95%;border:none;outline:none;&quot; placeholder=&quot;Menu Search / Ask anything&quot; oninput=&quot;GENERAL.searchMenu(this,&#039;homeMenuRun&#039;,&#039;&#039;,event)&quot; onkeydown=&quot;GENERAL.searchMenu(this,&#039;homeMenuRun&#039;,&#039;&#039;,event)&quot; value=&quot;&quot; autocomplete=&quot;off&quot; onfocus=&quot;GENERAL.hideOpenMenus();&quot; onfocusout=&quot;GENERAL.emptySearchText(this);&quot;&gt; is not clickable at point (718, 29). Other element would receive the click: &lt;div class=&quot;modal fade ui-draggable ui-draggable-handle show&quot; id=&quot;id_fconfirm&quot; role=&quot;dialog&quot; data-bs-backdrop=&quot;static&quot; data-bs-keyboard=&quot;false&quot; aria-modal=&quot;true&quot; style=&quot;padding-right: 10px; display: block;&quot;&gt;...&lt;/div&gt;
  (Session info: chrome=147.0.7727.138)
Build info: version: &#039;3.12.0&#039;, revision: &#039;7c6e0b3&#039;, time: &#039;2018-05-08T14:04:26.12Z&#039;
System info: host: &#039;FOCUS-QA-133&#039;, ip: &#039;192.168.4.108&#039;, os.name: &#039;Windows 11&#039;, os.arch: &#039;amd64&#039;, os.version: &#039;10.0&#039;, java.version: &#039;21.0.8&#039;
Driver info: org.openqa.selenium.chrome.ChromeDriver
Capabilities {acceptInsecureCerts: false, browserName: chrome, browserVersion: 147.0.7727.138, chrome: {chromedriverVersion: 146.0.7680.165 (4b989da09e1..., userDataDir: C:\Users\Sanjeev\AppData\Lo...}, fedcm:accounts: true, goog:chromeOptions: {debuggerAddress: localhost:52451}, goog:processID: 11080, javascriptEnabled: true, networkConnectionEnabled: false, pageLoadStrategy: normal, platform: WINDOWS, platformName: WINDOWS, proxy: Proxy(), setWindowRect: true, strictFileInteractability: false, timeouts: {implicit: 0, pageLoad: 300000, script: 30000}, unhandledPromptBehavior: dismiss and notify, webauthn:extension:credBlob: true, webauthn:extension:largeBlob: true, webauthn:extension:minPinLength: true, webauthn:extension:prf: true, webauthn:virtualAuthenticators: true}
Session ID: 3722955a1aa5651bea079eca59d06aba" type="org.openqa.selenium.ElementClickInterceptedException">
      <![CDATA[org.openqa.selenium.ElementClickInterceptedException: element click intercepted: Element <input type="text" id="id_menu_search_input" style="width:100%;height:95%;border:none;outline:none;" placeholder="Menu Search / Ask anything" oninput="GENERAL.searchMenu(this,'homeMenuRun','',event)" onkeydown="GENERAL.searchMenu(this,'homeMenuRun','',event)" value="" autocomplete="off" onfocus="GENERAL.hideOpenMenus();" onfocusout="GENERAL.emptySearchText(this);"> is not clickable at point (718, 29). Other element would receive the click: <div class="modal fade ui-draggable ui-draggable-handle show" id="id_fconfirm" role="dialog" data-bs-backdrop="static" data-bs-keyboard="false" aria-modal="true" style="padding-right: 10px; display: block;">...</div>
  (Session info: chrome=147.0.7727.138)
Build info: version: '3.12.0', revision: '7c6e0b3', time: '2018-05-08T14:04:26.12Z'
System info: host: 'FOCUS-QA-133', ip: '192.168.4.108', os.name: 'Windows 11', os.arch: 'amd64', os.version: '10.0', java.version: '21.0.8'
Driver info: org.openqa.selenium.chrome.ChromeDriver
Capabilities {acceptInsecureCerts: false, browserName: chrome, browserVersion: 147.0.7727.138, chrome: {chromedriverVersion: 146.0.7680.165 (4b989da09e1..., userDataDir: C:\Users\Sanjeev\AppData\Lo...}, fedcm:accounts: true, goog:chromeOptions: {debuggerAddress: localhost:52451}, goog:processID: 11080, javascriptEnabled: true, networkConnectionEnabled: false, pageLoadStrategy: normal, platform: WINDOWS, platformName: WINDOWS, proxy: Proxy(), setWindowRect: true, strictFileInteractability: false, timeouts: {implicit: 0, pageLoad: 300000, script: 30000}, unhandledPromptBehavior: dismiss and notify, webauthn:extension:credBlob: true, webauthn:extension:largeBlob: true, webauthn:extension:minPinLength: true, webauthn:extension:prf: true, webauthn:virtualAuthenticators: true}
Session ID: 3722955a1aa5651bea079eca59d06aba
at java.base/jdk.internal.reflect.DirectConstructorHandleAccessor.newInstance(DirectConstructorHandleAccessor.java:62)
at java.base/java.lang.reflect.Constructor.newInstanceWithCaller(Constructor.java:502)
at java.base/java.lang.reflect.Constructor.newInstance(Constructor.java:486)
at org.openqa.selenium.remote.http.W3CHttpResponseCodec.createException(W3CHttpResponseCodec.java:187)
at org.openqa.selenium.remote.http.W3CHttpResponseCodec.decode(W3CHttpResponseCodec.java:122)
at org.openqa.selenium.remote.http.W3CHttpResponseCodec.decode(W3CHttpResponseCodec.java:49)
at org.openqa.selenium.remote.HttpCommandExecutor.execute(HttpCommandExecutor.java:158)
at org.openqa.selenium.remote.service.DriverCommandExecutor.execute(DriverCommandExecutor.java:83)
at org.openqa.selenium.remote.RemoteWebDriver.execute(RemoteWebDriver.java:543)
at org.openqa.selenium.remote.RemoteWebElement.execute(RemoteWebElement.java:276)
at org.openqa.selenium.remote.RemoteWebElement.click(RemoteWebElement.java:83)
at java.base/jdk.internal.reflect.DirectMethodHandleAccessor.invoke(DirectMethodHandleAccessor.java:103)
at java.base/java.lang.reflect.Method.invoke(Method.java:580)
at org.openqa.selenium.support.pagefactory.internal.LocatingElementHandler.invoke(LocatingElementHandler.java:51)
at jdk.proxy2/jdk.proxy2.$Proxy19.click(Unknown Source)
at com.focus.base.BaseEngine.click(BaseEngine.java:527)
at com.focus.Pages.StockAnalysisBatchPage.checkStockAnalysisByBatchReportAfterSuspendOutwardVoucher(StockAnalysisBatchPage.java:707)
at com.focus.testcases.StockAnalysisBatchPageTest.checkStockAnalysisByBatchReportAfterSuspendOutwardVoucher(StockAnalysisBatchPageTest.java:66)
at java.base/jdk.internal.reflect.DirectMethodHandleAccessor.invoke(DirectMethodHandleAccessor.java:103)
at java.base/java.lang.reflect.Method.invoke(Method.java:580)
at org.testng.internal.invokers.MethodInvocationHelper.invokeMethod(MethodInvocationHelper.java:141)
at org.testng.internal.invokers.TestInvoker.invokeMethod(TestInvoker.java:687)
at org.testng.internal.invokers.TestInvoker.invokeTestMethod(TestInvoker.java:230)
at org.testng.internal.invokers.MethodRunner.runInSequence(MethodRunner.java:63)
at org.testng.internal.invokers.TestInvoker$MethodInvocationAgent.invoke(TestInvoker.java:995)
at org.testng.internal.invokers.TestInvoker.invokeTestMethods(TestInvoker.java:203)
at org.testng.internal.invokers.TestMethodWorker.invokeTestMethods(TestMethodWorker.java:154)
at org.testng.internal.invokers.TestMethodWorker.run(TestMethodWorker.java:134)
at java.base/java.util.ArrayList.forEach(ArrayList.java:1596)
at org.testng.TestRunner.privateRun(TestRunner.java:741)
at org.testng.TestRunner.run(TestRunner.java:616)
at org.testng.SuiteRunner.runTest(SuiteRunner.java:421)
at org.testng.SuiteRunner.runSequentially(SuiteRunner.java:413)
at org.testng.SuiteRunner.privateRun(SuiteRunner.java:373)
at org.testng.SuiteRunner.run(SuiteRunner.java:312)
at org.testng.SuiteRunnerWorker.runSuite(SuiteRunnerWorker.java:52)
at org.testng.SuiteRunnerWorker.run(SuiteRunnerWorker.java:95)
at org.testng.TestNG.runSuitesSequentially(TestNG.java:1274)
at org.testng.TestNG.runSuitesLocally(TestNG.java:1208)
at org.testng.TestNG.runSuites(TestNG.java:1112)
at org.testng.TestNG.run(TestNG.java:1079)
at org.testng.remote.AbstractRemoteTestNG.run(AbstractRemoteTestNG.java:115)
at org.testng.remote.RemoteTestNG.initAndRun(RemoteTestNG.java:293)
at org.testng.remote.RemoteTestNG.main(RemoteTestNG.java:91)
]]>
    </error>
    <system-out>
      <![CDATA[About to begin executing following method : StockAnalysisBatchPageTest.checkStockAnalysisByBatchReportAfterSuspendOutwardVoucher
Completed executing following method : StockAnalysisBatchPageTest.checkStockAnalysisByBatchReportAfterSuspendOutwardVoucher
Test Method resides in com.focus.testcases.StockAnalysisBatchPageTest
Test Status: Failed
About to begin executing following method : BaseEngine.afterMethodExecution]]>
    </system-out>
  </testcase> <!-- checkStockAnalysisByBatchReportAfterSuspendOutwardVoucher -->
  <testcase classname="com.focus.testcases.StockAnalysisBatchPageTest" name="SaveBaseDocumentPOVoucherUsingSaveButton" time="1.342">
    <error message="element click intercepted: Element &lt;a href=&quot;#&quot; id=&quot;135&quot; title=&quot;Inventory&quot; data-toggle=&quot;true&quot; data-bind=&quot;0&quot; class=&quot;nav-link hovco&quot; onclick=&quot;GLOBAL.DisplayList(this)&quot;&gt;...&lt;/a&gt; is not clickable at point (45, 323). Other element would receive the click: &lt;div class=&quot;modal fade ui-draggable ui-draggable-handle show&quot; id=&quot;id_fconfirm&quot; role=&quot;dialog&quot; data-bs-backdrop=&quot;static&quot; data-bs-keyboard=&quot;false&quot; aria-modal=&quot;true&quot; style=&quot;padding-right: 10px; display: block;&quot;&gt;...&lt;/div&gt;
  (Session info: chrome=147.0.7727.138)
Build info: version: &#039;3.12.0&#039;, revision: &#039;7c6e0b3&#039;, time: &#039;2018-05-08T14:04:26.12Z&#039;
System info: host: &#039;FOCUS-QA-133&#039;, ip: &#039;192.168.4.108&#039;, os.name: &#039;Windows 11&#039;, os.arch: &#039;amd64&#039;, os.version: &#039;10.0&#039;, java.version: &#039;21.0.8&#039;
Driver info: org.openqa.selenium.chrome.ChromeDriver
Capabilities {acceptInsecureCerts: false, browserName: chrome, browserVersion: 147.0.7727.138, chrome: {chromedriverVersion: 146.0.7680.165 (4b989da09e1..., userDataDir: C:\Users\Sanjeev\AppData\Lo...}, fedcm:accounts: true, goog:chromeOptions: {debuggerAddress: localhost:52451}, goog:processID: 11080, javascriptEnabled: true, networkConnectionEnabled: false, pageLoadStrategy: normal, platform: WINDOWS, platformName: WINDOWS, proxy: Proxy(), setWindowRect: true, strictFileInteractability: false, timeouts: {implicit: 0, pageLoad: 300000, script: 30000}, unhandledPromptBehavior: dismiss and notify, webauthn:extension:credBlob: true, webauthn:extension:largeBlob: true, webauthn:extension:minPinLength: true, webauthn:extension:prf: true, webauthn:virtualAuthenticators: true}
Session ID: 3722955a1aa5651bea079eca59d06aba" type="org.openqa.selenium.ElementClickInterceptedException">
      <![CDATA[org.openqa.selenium.ElementClickInterceptedException: element click intercepted: Element <a href="#" id="135" title="Inventory" data-toggle="true" data-bind="0" class="nav-link hovco" onclick="GLOBAL.DisplayList(this)">...</a> is not clickable at point (45, 323). Other element would receive the click: <div class="modal fade ui-draggable ui-draggable-handle show" id="id_fconfirm" role="dialog" data-bs-backdrop="static" data-bs-keyboard="false" aria-modal="true" style="padding-right: 10px; display: block;">...</div>
  (Session info: chrome=147.0.7727.138)
Build info: version: '3.12.0', revision: '7c6e0b3', time: '2018-05-08T14:04:26.12Z'
System info: host: 'FOCUS-QA-133', ip: '192.168.4.108', os.name: 'Windows 11', os.arch: 'amd64', os.version: '10.0', java.version: '21.0.8'
Driver info: org.openqa.selenium.chrome.ChromeDriver
Capabilities {acceptInsecureCerts: false, browserName: chrome, browserVersion: 147.0.7727.138, chrome: {chromedriverVersion: 146.0.7680.165 (4b989da09e1..., userDataDir: C:\Users\Sanjeev\AppData\Lo...}, fedcm:accounts: true, goog:chromeOptions: {debuggerAddress: localhost:52451}, goog:processID: 11080, javascriptEnabled: true, networkConnectionEnabled: false, pageLoadStrategy: normal, platform: WINDOWS, platformName: WINDOWS, proxy: Proxy(), setWindowRect: true, strictFileInteractability: false, timeouts: {implicit: 0, pageLoad: 300000, script: 30000}, unhandledPromptBehavior: dismiss and notify, webauthn:extension:credBlob: true, webauthn:extension:largeBlob: true, webauthn:extension:minPinLength: true, webauthn:extension:prf: true, webauthn:virtualAuthenticators: true}
Session ID: 3722955a1aa5651bea079eca59d06aba
at java.base/jdk.internal.reflect.DirectConstructorHandleAccessor.newInstance(DirectConstructorHandleAccessor.java:62)
at java.base/java.lang.reflect.Constructor.newInstanceWithCaller(Constructor.java:502)
at java.base/java.lang.reflect.Constructor.newInstance(Constructor.java:486)
at org.openqa.selenium.remote.http.W3CHttpResponseCodec.createException(W3CHttpResponseCodec.java:187)
at org.openqa.selenium.remote.http.W3CHttpResponseCodec.decode(W3CHttpResponseCodec.java:122)
at org.openqa.selenium.remote.http.W3CHttpResponseCodec.decode(W3CHttpResponseCodec.java:49)
at org.openqa.selenium.remote.HttpCommandExecutor.execute(HttpCommandExecutor.java:158)
at org.openqa.selenium.remote.service.DriverCommandExecutor.execute(DriverCommandExecutor.java:83)
at org.openqa.selenium.remote.RemoteWebDriver.execute(RemoteWebDriver.java:543)
at org.openqa.selenium.remote.RemoteWebElement.execute(RemoteWebElement.java:276)
at org.openqa.selenium.remote.RemoteWebElement.click(RemoteWebElement.java:83)
at java.base/jdk.internal.reflect.DirectMethodHandleAccessor.invoke(DirectMethodHandleAccessor.java:103)
at java.base/java.lang.reflect.Method.invoke(Method.java:580)
at org.openqa.selenium.support.pagefactory.internal.LocatingElementHandler.invoke(LocatingElementHandler.java:51)
at jdk.proxy2/jdk.proxy2.$Proxy19.click(Unknown Source)
at com.focus.base.BaseEngine.click(BaseEngine.java:527)
at com.focus.Pages.StockAnalysisBatchPage.SaveBaseDocumentPOVoucherUsingSaveButton(StockAnalysisBatchPage.java:787)
at com.focus.testcases.StockAnalysisBatchPageTest.SaveBaseDocumentPOVoucherUsingSaveButton(StockAnalysisBatchPageTest.java:73)
at java.base/jdk.internal.reflect.DirectMethodHandleAccessor.invoke(DirectMethodHandleAccessor.java:103)
at java.base/java.lang.reflect.Method.invoke(Method.java:580)
at org.testng.internal.invokers.MethodInvocationHelper.invokeMethod(MethodInvocationHelper.java:141)
at org.testng.internal.invokers.TestInvoker.invokeMethod(TestInvoker.java:687)
at org.testng.internal.invokers.TestInvoker.invokeTestMethod(TestInvoker.java:230)
at org.testng.internal.invokers.MethodRunner.runInSequence(MethodRunner.java:63)
at org.testng.internal.invokers.TestInvoker$MethodInvocationAgent.invoke(TestInvoker.java:995)
at org.testng.internal.invokers.TestInvoker.invokeTestMethods(TestInvoker.java:203)
at org.testng.internal.invokers.TestMethodWorker.invokeTestMethods(TestMethodWorker.java:154)
at org.testng.internal.invokers.TestMethodWorker.run(TestMethodWorker.java:134)
at java.base/java.util.ArrayList.forEach(ArrayList.java:1596)
at org.testng.TestRunner.privateRun(TestRunner.java:741)
at org.testng.TestRunner.run(TestRunner.java:616)
at org.testng.SuiteRunner.runTest(SuiteRunner.java:421)
at org.testng.SuiteRunner.runSequentially(SuiteRunner.java:413)
at org.testng.SuiteRunner.privateRun(SuiteRunner.java:373)
at org.testng.SuiteRunner.run(SuiteRunner.java:312)
at org.testng.SuiteRunnerWorker.runSuite(SuiteRunnerWorker.java:52)
at org.testng.SuiteRunnerWorker.run(SuiteRunnerWorker.java:95)
at org.testng.TestNG.runSuitesSequentially(TestNG.java:1274)
at org.testng.TestNG.runSuitesLocally(TestNG.java:1208)
at org.testng.TestNG.runSuites(TestNG.java:1112)
at org.testng.TestNG.run(TestNG.java:1079)
at org.testng.remote.AbstractRemoteTestNG.run(AbstractRemoteTestNG.java:115)
at org.testng.remote.RemoteTestNG.initAndRun(RemoteTestNG.java:293)
at org.testng.remote.RemoteTestNG.main(RemoteTestNG.java:91)
]]>
    </error>
    <system-out>
      <![CDATA[About to begin executing following method : StockAnalysisBatchPageTest.SaveBaseDocumentPOVoucherUsingSaveButton
Completed executing following method : StockAnalysisBatchPageTest.SaveBaseDocumentPOVoucherUsingSaveButton
Test Method resides in com.focus.testcases.StockAnalysisBatchPageTest
Test Status: Failed
About to begin executing following method : BaseEngine.afterMethodExecution]]>
    </system-out>
  </testcase> <!-- SaveBaseDocumentPOVoucherUsingSaveButton -->
  <testcase classname="com.focus.testcases.StockAnalysisBatchPageTest" name="EditBaseDocumentPOVoucherUsingSaveVersionOptionAndEditNarrationAndQty" time="1.351">
    <error message="element click intercepted: Element &lt;a href=&quot;#&quot; id=&quot;135&quot; title=&quot;Inventory&quot; data-toggle=&quot;true&quot; data-bind=&quot;0&quot; class=&quot;nav-link hovco&quot; onclick=&quot;GLOBAL.DisplayList(this)&quot;&gt;...&lt;/a&gt; is not clickable at point (45, 323). Other element would receive the click: &lt;div class=&quot;modal fade ui-draggable ui-draggable-handle show&quot; id=&quot;id_fconfirm&quot; role=&quot;dialog&quot; data-bs-backdrop=&quot;static&quot; data-bs-keyboard=&quot;false&quot; aria-modal=&quot;true&quot; style=&quot;padding-right: 10px; display: block;&quot;&gt;...&lt;/div&gt;
  (Session info: chrome=147.0.7727.138)
Build info: version: &#039;3.12.0&#039;, revision: &#039;7c6e0b3&#039;, time: &#039;2018-05-08T14:04:26.12Z&#039;
System info: host: &#039;FOCUS-QA-133&#039;, ip: &#039;192.168.4.108&#039;, os.name: &#039;Windows 11&#039;, os.arch: &#039;amd64&#039;, os.version: &#039;10.0&#039;, java.version: &#039;21.0.8&#039;
Driver info: org.openqa.selenium.chrome.ChromeDriver
Capabilities {acceptInsecureCerts: false, browserName: chrome, browserVersion: 147.0.7727.138, chrome: {chromedriverVersion: 146.0.7680.165 (4b989da09e1..., userDataDir: C:\Users\Sanjeev\AppData\Lo...}, fedcm:accounts: true, goog:chromeOptions: {debuggerAddress: localhost:52451}, goog:processID: 11080, javascriptEnabled: true, networkConnectionEnabled: false, pageLoadStrategy: normal, platform: WINDOWS, platformName: WINDOWS, proxy: Proxy(), setWindowRect: true, strictFileInteractability: false, timeouts: {implicit: 0, pageLoad: 300000, script: 30000}, unhandledPromptBehavior: dismiss and notify, webauthn:extension:credBlob: true, webauthn:extension:largeBlob: true, webauthn:extension:minPinLength: true, webauthn:extension:prf: true, webauthn:virtualAuthenticators: true}
Session ID: 3722955a1aa5651bea079eca59d06aba" type="org.openqa.selenium.ElementClickInterceptedException">
      <![CDATA[org.openqa.selenium.ElementClickInterceptedException: element click intercepted: Element <a href="#" id="135" title="Inventory" data-toggle="true" data-bind="0" class="nav-link hovco" onclick="GLOBAL.DisplayList(this)">...</a> is not clickable at point (45, 323). Other element would receive the click: <div class="modal fade ui-draggable ui-draggable-handle show" id="id_fconfirm" role="dialog" data-bs-backdrop="static" data-bs-keyboard="false" aria-modal="true" style="padding-right: 10px; display: block;">...</div>
  (Session info: chrome=147.0.7727.138)
Build info: version: '3.12.0', revision: '7c6e0b3', time: '2018-05-08T14:04:26.12Z'
System info: host: 'FOCUS-QA-133', ip: '192.168.4.108', os.name: 'Windows 11', os.arch: 'amd64', os.version: '10.0', java.version: '21.0.8'
Driver info: org.openqa.selenium.chrome.ChromeDriver
Capabilities {acceptInsecureCerts: false, browserName: chrome, browserVersion: 147.0.7727.138, chrome: {chromedriverVersion: 146.0.7680.165 (4b989da09e1..., userDataDir: C:\Users\Sanjeev\AppData\Lo...}, fedcm:accounts: true, goog:chromeOptions: {debuggerAddress: localhost:52451}, goog:processID: 11080, javascriptEnabled: true, networkConnectionEnabled: false, pageLoadStrategy: normal, platform: WINDOWS, platformName: WINDOWS, proxy: Proxy(), setWindowRect: true, strictFileInteractability: false, timeouts: {implicit: 0, pageLoad: 300000, script: 30000}, unhandledPromptBehavior: dismiss and notify, webauthn:extension:credBlob: true, webauthn:extension:largeBlob: true, webauthn:extension:minPinLength: true, webauthn:extension:prf: true, webauthn:virtualAuthenticators: true}
Session ID: 3722955a1aa5651bea079eca59d06aba
at java.base/jdk.internal.reflect.DirectConstructorHandleAccessor.newInstance(DirectConstructorHandleAccessor.java:62)
at java.base/java.lang.reflect.Constructor.newInstanceWithCaller(Constructor.java:502)
at java.base/java.lang.reflect.Constructor.newInstance(Constructor.java:486)
at org.openqa.selenium.remote.http.W3CHttpResponseCodec.createException(W3CHttpResponseCodec.java:187)
at org.openqa.selenium.remote.http.W3CHttpResponseCodec.decode(W3CHttpResponseCodec.java:122)
at org.openqa.selenium.remote.http.W3CHttpResponseCodec.decode(W3CHttpResponseCodec.java:49)
at org.openqa.selenium.remote.HttpCommandExecutor.execute(HttpCommandExecutor.java:158)
at org.openqa.selenium.remote.service.DriverCommandExecutor.execute(DriverCommandExecutor.java:83)
at org.openqa.selenium.remote.RemoteWebDriver.execute(RemoteWebDriver.java:543)
at org.openqa.selenium.remote.RemoteWebElement.execute(RemoteWebElement.java:276)
at org.openqa.selenium.remote.RemoteWebElement.click(RemoteWebElement.java:83)
at java.base/jdk.internal.reflect.DirectMethodHandleAccessor.invoke(DirectMethodHandleAccessor.java:103)
at java.base/java.lang.reflect.Method.invoke(Method.java:580)
at org.openqa.selenium.support.pagefactory.internal.LocatingElementHandler.invoke(LocatingElementHandler.java:51)
at jdk.proxy2/jdk.proxy2.$Proxy19.click(Unknown Source)
at com.focus.base.BaseEngine.click(BaseEngine.java:527)
at com.focus.Pages.StockAnalysisBatchPage.EditBaseDocumentPOVoucherUsingSaveVersionOptionAndEditNarrationAndQty(StockAnalysisBatchPage.java:867)
at com.focus.testcases.StockAnalysisBatchPageTest.EditBaseDocumentPOVoucherUsingSaveVersionOptionAndEditNarrationAndQty(StockAnalysisBatchPageTest.java:80)
at java.base/jdk.internal.reflect.DirectMethodHandleAccessor.invoke(DirectMethodHandleAccessor.java:103)
at java.base/java.lang.reflect.Method.invoke(Method.java:580)
at org.testng.internal.invokers.MethodInvocationHelper.invokeMethod(MethodInvocationHelper.java:141)
at org.testng.internal.invokers.TestInvoker.invokeMethod(TestInvoker.java:687)
at org.testng.internal.invokers.TestInvoker.invokeTestMethod(TestInvoker.java:230)
at org.testng.internal.invokers.MethodRunner.runInSequence(MethodRunner.java:63)
at org.testng.internal.invokers.TestInvoker$MethodInvocationAgent.invoke(TestInvoker.java:995)
at org.testng.internal.invokers.TestInvoker.invokeTestMethods(TestInvoker.java:203)
at org.testng.internal.invokers.TestMethodWorker.invokeTestMethods(TestMethodWorker.java:154)
at org.testng.internal.invokers.TestMethodWorker.run(TestMethodWorker.java:134)
at java.base/java.util.ArrayList.forEach(ArrayList.java:1596)
at org.testng.TestRunner.privateRun(TestRunner.java:741)
at org.testng.TestRunner.run(TestRunner.java:616)
at org.testng.SuiteRunner.runTest(SuiteRunner.java:421)
at org.testng.SuiteRunner.runSequentially(SuiteRunner.java:413)
at org.testng.SuiteRunner.privateRun(SuiteRunner.java:373)
at org.testng.SuiteRunner.run(SuiteRunner.java:312)
at org.testng.SuiteRunnerWorker.runSuite(SuiteRunnerWorker.java:52)
at org.testng.SuiteRunnerWorker.run(SuiteRunnerWorker.java:95)
at org.testng.TestNG.runSuitesSequentially(TestNG.java:1274)
at org.testng.TestNG.runSuitesLocally(TestNG.java:1208)
at org.testng.TestNG.runSuites(TestNG.java:1112)
at org.testng.TestNG.run(TestNG.java:1079)
at org.testng.remote.AbstractRemoteTestNG.run(AbstractRemoteTestNG.java:115)
at org.testng.remote.RemoteTestNG.initAndRun(RemoteTestNG.java:293)
at org.testng.remote.RemoteTestNG.main(RemoteTestNG.java:91)
]]>
    </error>
    <system-out>
      <![CDATA[About to begin executing following method : StockAnalysisBatchPageTest.EditBaseDocumentPOVoucherUsingSaveVersionOptionAndEditNarrationAndQty
Completed executing following method : StockAnalysisBatchPageTest.EditBaseDocumentPOVoucherUsingSaveVersionOptionAndEditNarrationAndQty
Test Method resides in com.focus.testcases.StockAnalysisBatchPageTest
Test Status: Failed
About to begin executing following method : BaseEngine.afterMethodExecution]]>
    </system-out>
  </testcase> <!-- EditBaseDocumentPOVoucherUsingSaveVersionOptionAndEditNarrationAndQty -->
  <testcase classname="com.focus.testcases.StockAnalysisBatchPageTest" name="convertLinkDocumentPurchaseVoucherNFromBaseDoumentEntryPageAndValidateLinkdocumentQty" time="1.360">
    <error message="element click intercepted: Element &lt;a href=&quot;#&quot; id=&quot;135&quot; title=&quot;Inventory&quot; data-toggle=&quot;true&quot; data-bind=&quot;0&quot; class=&quot;nav-link hovco&quot; onclick=&quot;GLOBAL.DisplayList(this)&quot;&gt;...&lt;/a&gt; is not clickable at point (45, 323). Other element would receive the click: &lt;div class=&quot;modal fade ui-draggable ui-draggable-handle show&quot; id=&quot;id_fconfirm&quot; role=&quot;dialog&quot; data-bs-backdrop=&quot;static&quot; data-bs-keyboard=&quot;false&quot; aria-modal=&quot;true&quot; style=&quot;padding-right: 10px; display: block;&quot;&gt;...&lt;/div&gt;
  (Session info: chrome=147.0.7727.138)
Build info: version: &#039;3.12.0&#039;, revision: &#039;7c6e0b3&#039;, time: &#039;2018-05-08T14:04:26.12Z&#039;
System info: host: &#039;FOCUS-QA-133&#039;, ip: &#039;192.168.4.108&#039;, os.name: &#039;Windows 11&#039;, os.arch: &#039;amd64&#039;, os.version: &#039;10.0&#039;, java.version: &#039;21.0.8&#039;
Driver info: org.openqa.selenium.chrome.ChromeDriver
Capabilities {acceptInsecureCerts: false, browserName: chrome, browserVersion: 147.0.7727.138, chrome: {chromedriverVersion: 146.0.7680.165 (4b989da09e1..., userDataDir: C:\Users\Sanjeev\AppData\Lo...}, fedcm:accounts: true, goog:chromeOptions: {debuggerAddress: localhost:52451}, goog:processID: 11080, javascriptEnabled: true, networkConnectionEnabled: false, pageLoadStrategy: normal, platform: WINDOWS, platformName: WINDOWS, proxy: Proxy(), setWindowRect: true, strictFileInteractability: false, timeouts: {implicit: 0, pageLoad: 300000, script: 30000}, unhandledPromptBehavior: dismiss and notify, webauthn:extension:credBlob: true, webauthn:extension:largeBlob: true, webauthn:extension:minPinLength: true, webauthn:extension:prf: true, webauthn:virtualAuthenticators: true}
Session ID: 3722955a1aa5651bea079eca59d06aba" type="org.openqa.selenium.ElementClickInterceptedException">
      <![CDATA[org.openqa.selenium.ElementClickInterceptedException: element click intercepted: Element <a href="#" id="135" title="Inventory" data-toggle="true" data-bind="0" class="nav-link hovco" onclick="GLOBAL.DisplayList(this)">...</a> is not clickable at point (45, 323). Other element would receive the click: <div class="modal fade ui-draggable ui-draggable-handle show" id="id_fconfirm" role="dialog" data-bs-backdrop="static" data-bs-keyboard="false" aria-modal="true" style="padding-right: 10px; display: block;">...</div>
  (Session info: chrome=147.0.7727.138)
Build info: version: '3.12.0', revision: '7c6e0b3', time: '2018-05-08T14:04:26.12Z'
System info: host: 'FOCUS-QA-133', ip: '192.168.4.108', os.name: 'Windows 11', os.arch: 'amd64', os.version: '10.0', java.version: '21.0.8'
Driver info: org.openqa.selenium.chrome.ChromeDriver
Capabilities {acceptInsecureCerts: false, browserName: chrome, browserVersion: 147.0.7727.138, chrome: {chromedriverVersion: 146.0.7680.165 (4b989da09e1..., userDataDir: C:\Users\Sanjeev\AppData\Lo...}, fedcm:accounts: true, goog:chromeOptions: {debuggerAddress: localhost:52451}, goog:processID: 11080, javascriptEnabled: true, networkConnectionEnabled: false, pageLoadStrategy: normal, platform: WINDOWS, platformName: WINDOWS, proxy: Proxy(), setWindowRect: true, strictFileInteractability: false, timeouts: {implicit: 0, pageLoad: 300000, script: 30000}, unhandledPromptBehavior: dismiss and notify, webauthn:extension:credBlob: true, webauthn:extension:largeBlob: true, webauthn:extension:minPinLength: true, webauthn:extension:prf: true, webauthn:virtualAuthenticators: true}
Session ID: 3722955a1aa5651bea079eca59d06aba
at java.base/jdk.internal.reflect.DirectConstructorHandleAccessor.newInstance(DirectConstructorHandleAccessor.java:62)
at java.base/java.lang.reflect.Constructor.newInstanceWithCaller(Constructor.java:502)
at java.base/java.lang.reflect.Constructor.newInstance(Constructor.java:486)
at org.openqa.selenium.remote.http.W3CHttpResponseCodec.createException(W3CHttpResponseCodec.java:187)
at org.openqa.selenium.remote.http.W3CHttpResponseCodec.decode(W3CHttpResponseCodec.java:122)
at org.openqa.selenium.remote.http.W3CHttpResponseCodec.decode(W3CHttpResponseCodec.java:49)
at org.openqa.selenium.remote.HttpCommandExecutor.execute(HttpCommandExecutor.java:158)
at org.openqa.selenium.remote.service.DriverCommandExecutor.execute(DriverCommandExecutor.java:83)
at org.openqa.selenium.remote.RemoteWebDriver.execute(RemoteWebDriver.java:543)
at org.openqa.selenium.remote.RemoteWebElement.execute(RemoteWebElement.java:276)
at org.openqa.selenium.remote.RemoteWebElement.click(RemoteWebElement.java:83)
at java.base/jdk.internal.reflect.DirectMethodHandleAccessor.invoke(DirectMethodHandleAccessor.java:103)
at java.base/java.lang.reflect.Method.invoke(Method.java:580)
at org.openqa.selenium.support.pagefactory.internal.LocatingElementHandler.invoke(LocatingElementHandler.java:51)
at jdk.proxy2/jdk.proxy2.$Proxy19.click(Unknown Source)
at com.focus.base.BaseEngine.click(BaseEngine.java:527)
at com.focus.Pages.StockAnalysisBatchPage.convertLinkDocumentPurchaseVoucherNFromBaseDoumentEntryPageAndValidateLinkdocumentQty(StockAnalysisBatchPage.java:973)
at com.focus.testcases.StockAnalysisBatchPageTest.convertLinkDocumentPurchaseVoucherNFromBaseDoumentEntryPageAndValidateLinkdocumentQty(StockAnalysisBatchPageTest.java:87)
at java.base/jdk.internal.reflect.DirectMethodHandleAccessor.invoke(DirectMethodHandleAccessor.java:103)
at java.base/java.lang.reflect.Method.invoke(Method.java:580)
at org.testng.internal.invokers.MethodInvocationHelper.invokeMethod(MethodInvocationHelper.java:141)
at org.testng.internal.invokers.TestInvoker.invokeMethod(TestInvoker.java:687)
at org.testng.internal.invokers.TestInvoker.invokeTestMethod(TestInvoker.java:230)
at org.testng.internal.invokers.MethodRunner.runInSequence(MethodRunner.java:63)
at org.testng.internal.invokers.TestInvoker$MethodInvocationAgent.invoke(TestInvoker.java:995)
at org.testng.internal.invokers.TestInvoker.invokeTestMethods(TestInvoker.java:203)
at org.testng.internal.invokers.TestMethodWorker.invokeTestMethods(TestMethodWorker.java:154)
at org.testng.internal.invokers.TestMethodWorker.run(TestMethodWorker.java:134)
at java.base/java.util.ArrayList.forEach(ArrayList.java:1596)
at org.testng.TestRunner.privateRun(TestRunner.java:741)
at org.testng.TestRunner.run(TestRunner.java:616)
at org.testng.SuiteRunner.runTest(SuiteRunner.java:421)
at org.testng.SuiteRunner.runSequentially(SuiteRunner.java:413)
at org.testng.SuiteRunner.privateRun(SuiteRunner.java:373)
at org.testng.SuiteRunner.run(SuiteRunner.java:312)
at org.testng.SuiteRunnerWorker.runSuite(SuiteRunnerWorker.java:52)
at org.testng.SuiteRunnerWorker.run(SuiteRunnerWorker.java:95)
at org.testng.TestNG.runSuitesSequentially(TestNG.java:1274)
at org.testng.TestNG.runSuitesLocally(TestNG.java:1208)
at org.testng.TestNG.runSuites(TestNG.java:1112)
at org.testng.TestNG.run(TestNG.java:1079)
at org.testng.remote.AbstractRemoteTestNG.run(AbstractRemoteTestNG.java:115)
at org.testng.remote.RemoteTestNG.initAndRun(RemoteTestNG.java:293)
at org.testng.remote.RemoteTestNG.main(RemoteTestNG.java:91)
]]>
    </error>
    <system-out>
      <![CDATA[About to begin executing following method : StockAnalysisBatchPageTest.convertLinkDocumentPurchaseVoucherNFromBaseDoumentEntryPageAndValidateLinkdocumentQty
Completed executing following method : StockAnalysisBatchPageTest.convertLinkDocumentPurchaseVoucherNFromBaseDoumentEntryPageAndValidateLinkdocumentQty
Test Method resides in com.focus.testcases.StockAnalysisBatchPageTest
Test Status: Failed
About to begin executing following method : BaseEngine.afterMethodExecution]]>
    </system-out>
  </testcase> <!-- convertLinkDocumentPurchaseVoucherNFromBaseDoumentEntryPageAndValidateLinkdocumentQty -->
  <testcase classname="com.focus.testcases.StockAnalysisBatchPageTest" name="saveLinkDocumenturchaseVoucherNFromPendingViewtabAndValidatetheQty" time="2.513">
    <error message="element click intercepted: Element &lt;a href=&quot;#&quot; id=&quot;60&quot; title=&quot;Financials&quot; data-toggle=&quot;true&quot; data-bind=&quot;0&quot; class=&quot;nav-link hovco&quot; onclick=&quot;GLOBAL.DisplayList(this)&quot;&gt;...&lt;/a&gt; is not clickable at point (45, 253). Other element would receive the click: &lt;div class=&quot;modal fade ui-draggable ui-draggable-handle show&quot; id=&quot;id_fconfirm&quot; role=&quot;dialog&quot; data-bs-backdrop=&quot;static&quot; data-bs-keyboard=&quot;false&quot; aria-modal=&quot;true&quot; style=&quot;padding-right: 10px; display: block;&quot;&gt;...&lt;/div&gt;
  (Session info: chrome=147.0.7727.138)
Build info: version: &#039;3.12.0&#039;, revision: &#039;7c6e0b3&#039;, time: &#039;2018-05-08T14:04:26.12Z&#039;
System info: host: &#039;FOCUS-QA-133&#039;, ip: &#039;192.168.4.108&#039;, os.name: &#039;Windows 11&#039;, os.arch: &#039;amd64&#039;, os.version: &#039;10.0&#039;, java.version: &#039;21.0.8&#039;
Driver info: org.openqa.selenium.chrome.ChromeDriver
Capabilities {acceptInsecureCerts: false, browserName: chrome, browserVersion: 147.0.7727.138, chrome: {chromedriverVersion: 146.0.7680.165 (4b989da09e1..., userDataDir: C:\Users\Sanjeev\AppData\Lo...}, fedcm:accounts: true, goog:chromeOptions: {debuggerAddress: localhost:52451}, goog:processID: 11080, javascriptEnabled: true, networkConnectionEnabled: false, pageLoadStrategy: normal, platform: WINDOWS, platformName: WINDOWS, proxy: Proxy(), setWindowRect: true, strictFileInteractability: false, timeouts: {implicit: 0, pageLoad: 300000, script: 30000}, unhandledPromptBehavior: dismiss and notify, webauthn:extension:credBlob: true, webauthn:extension:largeBlob: true, webauthn:extension:minPinLength: true, webauthn:extension:prf: true, webauthn:virtualAuthenticators: true}
Session ID: 3722955a1aa5651bea079eca59d06aba" type="org.openqa.selenium.ElementClickInterceptedException">
      <![CDATA[org.openqa.selenium.ElementClickInterceptedException: element click intercepted: Element <a href="#" id="60" title="Financials" data-toggle="true" data-bind="0" class="nav-link hovco" onclick="GLOBAL.DisplayList(this)">...</a> is not clickable at point (45, 253). Other element would receive the click: <div class="modal fade ui-draggable ui-draggable-handle show" id="id_fconfirm" role="dialog" data-bs-backdrop="static" data-bs-keyboard="false" aria-modal="true" style="padding-right: 10px; display: block;">...</div>
  (Session info: chrome=147.0.7727.138)
Build info: version: '3.12.0', revision: '7c6e0b3', time: '2018-05-08T14:04:26.12Z'
System info: host: 'FOCUS-QA-133', ip: '192.168.4.108', os.name: 'Windows 11', os.arch: 'amd64', os.version: '10.0', java.version: '21.0.8'
Driver info: org.openqa.selenium.chrome.ChromeDriver
Capabilities {acceptInsecureCerts: false, browserName: chrome, browserVersion: 147.0.7727.138, chrome: {chromedriverVersion: 146.0.7680.165 (4b989da09e1..., userDataDir: C:\Users\Sanjeev\AppData\Lo...}, fedcm:accounts: true, goog:chromeOptions: {debuggerAddress: localhost:52451}, goog:processID: 11080, javascriptEnabled: true, networkConnectionEnabled: false, pageLoadStrategy: normal, platform: WINDOWS, platformName: WINDOWS, proxy: Proxy(), setWindowRect: true, strictFileInteractability: false, timeouts: {implicit: 0, pageLoad: 300000, script: 30000}, unhandledPromptBehavior: dismiss and notify, webauthn:extension:credBlob: true, webauthn:extension:largeBlob: true, webauthn:extension:minPinLength: true, webauthn:extension:prf: true, webauthn:virtualAuthenticators: true}
Session ID: 3722955a1aa5651bea079eca59d06aba
at java.base/jdk.internal.reflect.DirectConstructorHandleAccessor.newInstance(DirectConstructorHandleAccessor.java:62)
at java.base/java.lang.reflect.Constructor.newInstanceWithCaller(Constructor.java:502)
at java.base/java.lang.reflect.Constructor.newInstance(Constructor.java:486)
at org.openqa.selenium.remote.http.W3CHttpResponseCodec.createException(W3CHttpResponseCodec.java:187)
at org.openqa.selenium.remote.http.W3CHttpResponseCodec.decode(W3CHttpResponseCodec.java:122)
at org.openqa.selenium.remote.http.W3CHttpResponseCodec.decode(W3CHttpResponseCodec.java:49)
at org.openqa.selenium.remote.HttpCommandExecutor.execute(HttpCommandExecutor.java:158)
at org.openqa.selenium.remote.service.DriverCommandExecutor.execute(DriverCommandExecutor.java:83)
at org.openqa.selenium.remote.RemoteWebDriver.execute(RemoteWebDriver.java:543)
at org.openqa.selenium.remote.RemoteWebElement.execute(RemoteWebElement.java:276)
at org.openqa.selenium.remote.RemoteWebElement.click(RemoteWebElement.java:83)
at java.base/jdk.internal.reflect.DirectMethodHandleAccessor.invoke(DirectMethodHandleAccessor.java:103)
at java.base/java.lang.reflect.Method.invoke(Method.java:580)
at org.openqa.selenium.support.pagefactory.internal.LocatingElementHandler.invoke(LocatingElementHandler.java:51)
at jdk.proxy2/jdk.proxy2.$Proxy19.click(Unknown Source)
at com.focus.base.BaseEngine.click(BaseEngine.java:527)
at com.focus.Pages.StockAnalysisBatchPage.saveLinkDocumenturchaseVoucherNFromPendingViewtabAndValidatetheQty(StockAnalysisBatchPage.java:1056)
at com.focus.testcases.StockAnalysisBatchPageTest.saveLinkDocumenturchaseVoucherNFromPendingViewtabAndValidatetheQty(StockAnalysisBatchPageTest.java:94)
at java.base/jdk.internal.reflect.DirectMethodHandleAccessor.invoke(DirectMethodHandleAccessor.java:103)
at java.base/java.lang.reflect.Method.invoke(Method.java:580)
at org.testng.internal.invokers.MethodInvocationHelper.invokeMethod(MethodInvocationHelper.java:141)
at org.testng.internal.invokers.TestInvoker.invokeMethod(TestInvoker.java:687)
at org.testng.internal.invokers.TestInvoker.invokeTestMethod(TestInvoker.java:230)
at org.testng.internal.invokers.MethodRunner.runInSequence(MethodRunner.java:63)
at org.testng.internal.invokers.TestInvoker$MethodInvocationAgent.invoke(TestInvoker.java:995)
at org.testng.internal.invokers.TestInvoker.invokeTestMethods(TestInvoker.java:203)
at org.testng.internal.invokers.TestMethodWorker.invokeTestMethods(TestMethodWorker.java:154)
at org.testng.internal.invokers.TestMethodWorker.run(TestMethodWorker.java:134)
at java.base/java.util.ArrayList.forEach(ArrayList.java:1596)
at org.testng.TestRunner.privateRun(TestRunner.java:741)
at org.testng.TestRunner.run(TestRunner.java:616)
at org.testng.SuiteRunner.runTest(SuiteRunner.java:421)
at org.testng.SuiteRunner.runSequentially(SuiteRunner.java:413)
at org.testng.SuiteRunner.privateRun(SuiteRunner.java:373)
at org.testng.SuiteRunner.run(SuiteRunner.java:312)
at org.testng.SuiteRunnerWorker.runSuite(SuiteRunnerWorker.java:52)
at org.testng.SuiteRunnerWorker.run(SuiteRunnerWorker.java:95)
at org.testng.TestNG.runSuitesSequentially(TestNG.java:1274)
at org.testng.TestNG.runSuitesLocally(TestNG.java:1208)
at org.testng.TestNG.runSuites(TestNG.java:1112)
at org.testng.TestNG.run(TestNG.java:1079)
at org.testng.remote.AbstractRemoteTestNG.run(AbstractRemoteTestNG.java:115)
at org.testng.remote.RemoteTestNG.initAndRun(RemoteTestNG.java:293)
at org.testng.remote.RemoteTestNG.main(RemoteTestNG.java:91)
]]>
    </error>
    <system-out>
      <![CDATA[About to begin executing following method : StockAnalysisBatchPageTest.saveLinkDocumenturchaseVoucherNFromPendingViewtabAndValidatetheQty
Completed executing following method : StockAnalysisBatchPageTest.saveLinkDocumenturchaseVoucherNFromPendingViewtabAndValidatetheQty
Test Method resides in com.focus.testcases.StockAnalysisBatchPageTest
Test Status: Failed
About to begin executing following method : BaseEngine.afterMethodExecution]]>
    </system-out>
  </testcase> <!-- saveLinkDocumenturchaseVoucherNFromPendingViewtabAndValidatetheQty -->
  <testcase classname="com.focus.testcases.StockAnalysisBatchPageTest" name="SaveLinkDocumentUsingControlLAndValidateQtyInLinkPopup" time="1.332">
    <error message="element click intercepted: Element &lt;a href=&quot;#&quot; id=&quot;60&quot; title=&quot;Financials&quot; data-toggle=&quot;true&quot; data-bind=&quot;0&quot; class=&quot;nav-link hovco&quot; onclick=&quot;GLOBAL.DisplayList(this)&quot;&gt;...&lt;/a&gt; is not clickable at point (45, 253). Other element would receive the click: &lt;div class=&quot;modal fade ui-draggable ui-draggable-handle show&quot; id=&quot;id_fconfirm&quot; role=&quot;dialog&quot; data-bs-backdrop=&quot;static&quot; data-bs-keyboard=&quot;false&quot; aria-modal=&quot;true&quot; style=&quot;padding-right: 10px; display: block;&quot;&gt;...&lt;/div&gt;
  (Session info: chrome=147.0.7727.138)
Build info: version: &#039;3.12.0&#039;, revision: &#039;7c6e0b3&#039;, time: &#039;2018-05-08T14:04:26.12Z&#039;
System info: host: &#039;FOCUS-QA-133&#039;, ip: &#039;192.168.4.108&#039;, os.name: &#039;Windows 11&#039;, os.arch: &#039;amd64&#039;, os.version: &#039;10.0&#039;, java.version: &#039;21.0.8&#039;
Driver info: org.openqa.selenium.chrome.ChromeDriver
Capabilities {acceptInsecureCerts: false, browserName: chrome, browserVersion: 147.0.7727.138, chrome: {chromedriverVersion: 146.0.7680.165 (4b989da09e1..., userDataDir: C:\Users\Sanjeev\AppData\Lo...}, fedcm:accounts: true, goog:chromeOptions: {debuggerAddress: localhost:52451}, goog:processID: 11080, javascriptEnabled: true, networkConnectionEnabled: false, pageLoadStrategy: normal, platform: WINDOWS, platformName: WINDOWS, proxy: Proxy(), setWindowRect: true, strictFileInteractability: false, timeouts: {implicit: 0, pageLoad: 300000, script: 30000}, unhandledPromptBehavior: dismiss and notify, webauthn:extension:credBlob: true, webauthn:extension:largeBlob: true, webauthn:extension:minPinLength: true, webauthn:extension:prf: true, webauthn:virtualAuthenticators: true}
Session ID: 3722955a1aa5651bea079eca59d06aba" type="org.openqa.selenium.ElementClickInterceptedException">
      <![CDATA[org.openqa.selenium.ElementClickInterceptedException: element click intercepted: Element <a href="#" id="60" title="Financials" data-toggle="true" data-bind="0" class="nav-link hovco" onclick="GLOBAL.DisplayList(this)">...</a> is not clickable at point (45, 253). Other element would receive the click: <div class="modal fade ui-draggable ui-draggable-handle show" id="id_fconfirm" role="dialog" data-bs-backdrop="static" data-bs-keyboard="false" aria-modal="true" style="padding-right: 10px; display: block;">...</div>
  (Session info: chrome=147.0.7727.138)
Build info: version: '3.12.0', revision: '7c6e0b3', time: '2018-05-08T14:04:26.12Z'
System info: host: 'FOCUS-QA-133', ip: '192.168.4.108', os.name: 'Windows 11', os.arch: 'amd64', os.version: '10.0', java.version: '21.0.8'
Driver info: org.openqa.selenium.chrome.ChromeDriver
Capabilities {acceptInsecureCerts: false, browserName: chrome, browserVersion: 147.0.7727.138, chrome: {chromedriverVersion: 146.0.7680.165 (4b989da09e1..., userDataDir: C:\Users\Sanjeev\AppData\Lo...}, fedcm:accounts: true, goog:chromeOptions: {debuggerAddress: localhost:52451}, goog:processID: 11080, javascriptEnabled: true, networkConnectionEnabled: false, pageLoadStrategy: normal, platform: WINDOWS, platformName: WINDOWS, proxy: Proxy(), setWindowRect: true, strictFileInteractability: false, timeouts: {implicit: 0, pageLoad: 300000, script: 30000}, unhandledPromptBehavior: dismiss and notify, webauthn:extension:credBlob: true, webauthn:extension:largeBlob: true, webauthn:extension:minPinLength: true, webauthn:extension:prf: true, webauthn:virtualAuthenticators: true}
Session ID: 3722955a1aa5651bea079eca59d06aba
at java.base/jdk.internal.reflect.DirectConstructorHandleAccessor.newInstance(DirectConstructorHandleAccessor.java:62)
at java.base/java.lang.reflect.Constructor.newInstanceWithCaller(Constructor.java:502)
at java.base/java.lang.reflect.Constructor.newInstance(Constructor.java:486)
at org.openqa.selenium.remote.http.W3CHttpResponseCodec.createException(W3CHttpResponseCodec.java:187)
at org.openqa.selenium.remote.http.W3CHttpResponseCodec.decode(W3CHttpResponseCodec.java:122)
at org.openqa.selenium.remote.http.W3CHttpResponseCodec.decode(W3CHttpResponseCodec.java:49)
at org.openqa.selenium.remote.HttpCommandExecutor.execute(HttpCommandExecutor.java:158)
at org.openqa.selenium.remote.service.DriverCommandExecutor.execute(DriverCommandExecutor.java:83)
at org.openqa.selenium.remote.RemoteWebDriver.execute(RemoteWebDriver.java:543)
at org.openqa.selenium.remote.RemoteWebElement.execute(RemoteWebElement.java:276)
at org.openqa.selenium.remote.RemoteWebElement.click(RemoteWebElement.java:83)
at java.base/jdk.internal.reflect.DirectMethodHandleAccessor.invoke(DirectMethodHandleAccessor.java:103)
at java.base/java.lang.reflect.Method.invoke(Method.java:580)
at org.openqa.selenium.support.pagefactory.internal.LocatingElementHandler.invoke(LocatingElementHandler.java:51)
at jdk.proxy2/jdk.proxy2.$Proxy19.click(Unknown Source)
at com.focus.base.BaseEngine.click(BaseEngine.java:527)
at com.focus.Pages.StockAnalysisBatchPage.SaveLinkDocumentUsingControlLAndValidateQtyInLinkPopup(StockAnalysisBatchPage.java:1140)
at com.focus.testcases.StockAnalysisBatchPageTest.SaveLinkDocumentUsingControlLAndValidateQtyInLinkPopup(StockAnalysisBatchPageTest.java:101)
at java.base/jdk.internal.reflect.DirectMethodHandleAccessor.invoke(DirectMethodHandleAccessor.java:103)
at java.base/java.lang.reflect.Method.invoke(Method.java:580)
at org.testng.internal.invokers.MethodInvocationHelper.invokeMethod(MethodInvocationHelper.java:141)
at org.testng.internal.invokers.TestInvoker.invokeMethod(TestInvoker.java:687)
at org.testng.internal.invokers.TestInvoker.invokeTestMethod(TestInvoker.java:230)
at org.testng.internal.invokers.MethodRunner.runInSequence(MethodRunner.java:63)
at org.testng.internal.invokers.TestInvoker$MethodInvocationAgent.invoke(TestInvoker.java:995)
at org.testng.internal.invokers.TestInvoker.invokeTestMethods(TestInvoker.java:203)
at org.testng.internal.invokers.TestMethodWorker.invokeTestMethods(TestMethodWorker.java:154)
at org.testng.internal.invokers.TestMethodWorker.run(TestMethodWorker.java:134)
at java.base/java.util.ArrayList.forEach(ArrayList.java:1596)
at org.testng.TestRunner.privateRun(TestRunner.java:741)
at org.testng.TestRunner.run(TestRunner.java:616)
at org.testng.SuiteRunner.runTest(SuiteRunner.java:421)
at org.testng.SuiteRunner.runSequentially(SuiteRunner.java:413)
at org.testng.SuiteRunner.privateRun(SuiteRunner.java:373)
at org.testng.SuiteRunner.run(SuiteRunner.java:312)
at org.testng.SuiteRunnerWorker.runSuite(SuiteRunnerWorker.java:52)
at org.testng.SuiteRunnerWorker.run(SuiteRunnerWorker.java:95)
at org.testng.TestNG.runSuitesSequentially(TestNG.java:1274)
at org.testng.TestNG.runSuitesLocally(TestNG.java:1208)
at org.testng.TestNG.runSuites(TestNG.java:1112)
at org.testng.TestNG.run(TestNG.java:1079)
at org.testng.remote.AbstractRemoteTestNG.run(AbstractRemoteTestNG.java:115)
at org.testng.remote.RemoteTestNG.initAndRun(RemoteTestNG.java:293)
at org.testng.remote.RemoteTestNG.main(RemoteTestNG.java:91)
]]>
    </error>
    <system-out>
      <![CDATA[About to begin executing following method : StockAnalysisBatchPageTest.SaveLinkDocumentUsingControlLAndValidateQtyInLinkPopup
Completed executing following method : StockAnalysisBatchPageTest.SaveLinkDocumentUsingControlLAndValidateQtyInLinkPopup
Test Method resides in com.focus.testcases.StockAnalysisBatchPageTest
Test Status: Failed
About to begin executing following method : BaseEngine.afterMethodExecution]]>
    </system-out>
  </testcase> <!-- SaveLinkDocumentUsingControlLAndValidateQtyInLinkPopup -->
  <testcase classname="com.focus.testcases.StockAnalysisBatchPageTest" name="SaveBaseDocumentPOVoucherUsingSavePrintBtn" time="1.343">
    <error message="element click intercepted: Element &lt;a href=&quot;#&quot; id=&quot;135&quot; title=&quot;Inventory&quot; data-toggle=&quot;true&quot; data-bind=&quot;0&quot; class=&quot;nav-link hovco&quot; onclick=&quot;GLOBAL.DisplayList(this)&quot;&gt;...&lt;/a&gt; is not clickable at point (45, 323). Other element would receive the click: &lt;div class=&quot;modal fade ui-draggable ui-draggable-handle show&quot; id=&quot;id_fconfirm&quot; role=&quot;dialog&quot; data-bs-backdrop=&quot;static&quot; data-bs-keyboard=&quot;false&quot; aria-modal=&quot;true&quot; style=&quot;padding-right: 10px; display: block;&quot;&gt;...&lt;/div&gt;
  (Session info: chrome=147.0.7727.138)
Build info: version: &#039;3.12.0&#039;, revision: &#039;7c6e0b3&#039;, time: &#039;2018-05-08T14:04:26.12Z&#039;
System info: host: &#039;FOCUS-QA-133&#039;, ip: &#039;192.168.4.108&#039;, os.name: &#039;Windows 11&#039;, os.arch: &#039;amd64&#039;, os.version: &#039;10.0&#039;, java.version: &#039;21.0.8&#039;
Driver info: org.openqa.selenium.chrome.ChromeDriver
Capabilities {acceptInsecureCerts: false, browserName: chrome, browserVersion: 147.0.7727.138, chrome: {chromedriverVersion: 146.0.7680.165 (4b989da09e1..., userDataDir: C:\Users\Sanjeev\AppData\Lo...}, fedcm:accounts: true, goog:chromeOptions: {debuggerAddress: localhost:52451}, goog:processID: 11080, javascriptEnabled: true, networkConnectionEnabled: false, pageLoadStrategy: normal, platform: WINDOWS, platformName: WINDOWS, proxy: Proxy(), setWindowRect: true, strictFileInteractability: false, timeouts: {implicit: 0, pageLoad: 300000, script: 30000}, unhandledPromptBehavior: dismiss and notify, webauthn:extension:credBlob: true, webauthn:extension:largeBlob: true, webauthn:extension:minPinLength: true, webauthn:extension:prf: true, webauthn:virtualAuthenticators: true}
Session ID: 3722955a1aa5651bea079eca59d06aba" type="org.openqa.selenium.ElementClickInterceptedException">
      <![CDATA[org.openqa.selenium.ElementClickInterceptedException: element click intercepted: Element <a href="#" id="135" title="Inventory" data-toggle="true" data-bind="0" class="nav-link hovco" onclick="GLOBAL.DisplayList(this)">...</a> is not clickable at point (45, 323). Other element would receive the click: <div class="modal fade ui-draggable ui-draggable-handle show" id="id_fconfirm" role="dialog" data-bs-backdrop="static" data-bs-keyboard="false" aria-modal="true" style="padding-right: 10px; display: block;">...</div>
  (Session info: chrome=147.0.7727.138)
Build info: version: '3.12.0', revision: '7c6e0b3', time: '2018-05-08T14:04:26.12Z'
System info: host: 'FOCUS-QA-133', ip: '192.168.4.108', os.name: 'Windows 11', os.arch: 'amd64', os.version: '10.0', java.version: '21.0.8'
Driver info: org.openqa.selenium.chrome.ChromeDriver
Capabilities {acceptInsecureCerts: false, browserName: chrome, browserVersion: 147.0.7727.138, chrome: {chromedriverVersion: 146.0.7680.165 (4b989da09e1..., userDataDir: C:\Users\Sanjeev\AppData\Lo...}, fedcm:accounts: true, goog:chromeOptions: {debuggerAddress: localhost:52451}, goog:processID: 11080, javascriptEnabled: true, networkConnectionEnabled: false, pageLoadStrategy: normal, platform: WINDOWS, platformName: WINDOWS, proxy: Proxy(), setWindowRect: true, strictFileInteractability: false, timeouts: {implicit: 0, pageLoad: 300000, script: 30000}, unhandledPromptBehavior: dismiss and notify, webauthn:extension:credBlob: true, webauthn:extension:largeBlob: true, webauthn:extension:minPinLength: true, webauthn:extension:prf: true, webauthn:virtualAuthenticators: true}
Session ID: 3722955a1aa5651bea079eca59d06aba
at java.base/jdk.internal.reflect.DirectConstructorHandleAccessor.newInstance(DirectConstructorHandleAccessor.java:62)
at java.base/java.lang.reflect.Constructor.newInstanceWithCaller(Constructor.java:502)
at java.base/java.lang.reflect.Constructor.newInstance(Constructor.java:486)
at org.openqa.selenium.remote.http.W3CHttpResponseCodec.createException(W3CHttpResponseCodec.java:187)
at org.openqa.selenium.remote.http.W3CHttpResponseCodec.decode(W3CHttpResponseCodec.java:122)
at org.openqa.selenium.remote.http.W3CHttpResponseCodec.decode(W3CHttpResponseCodec.java:49)
at org.openqa.selenium.remote.HttpCommandExecutor.execute(HttpCommandExecutor.java:158)
at org.openqa.selenium.remote.service.DriverCommandExecutor.execute(DriverCommandExecutor.java:83)
at org.openqa.selenium.remote.RemoteWebDriver.execute(RemoteWebDriver.java:543)
at org.openqa.selenium.remote.RemoteWebElement.execute(RemoteWebElement.java:276)
at org.openqa.selenium.remote.RemoteWebElement.click(RemoteWebElement.java:83)
at java.base/jdk.internal.reflect.DirectMethodHandleAccessor.invoke(DirectMethodHandleAccessor.java:103)
at java.base/java.lang.reflect.Method.invoke(Method.java:580)
at org.openqa.selenium.support.pagefactory.internal.LocatingElementHandler.invoke(LocatingElementHandler.java:51)
at jdk.proxy2/jdk.proxy2.$Proxy19.click(Unknown Source)
at com.focus.base.BaseEngine.click(BaseEngine.java:527)
at com.focus.Pages.StockAnalysisBatchPage.SaveBaseDocumentPOVoucherUsingSavePrintBtn(StockAnalysisBatchPage.java:1244)
at com.focus.testcases.StockAnalysisBatchPageTest.SaveBaseDocumentPOVoucherUsingSavePrintBtn(StockAnalysisBatchPageTest.java:108)
at java.base/jdk.internal.reflect.DirectMethodHandleAccessor.invoke(DirectMethodHandleAccessor.java:103)
at java.base/java.lang.reflect.Method.invoke(Method.java:580)
at org.testng.internal.invokers.MethodInvocationHelper.invokeMethod(MethodInvocationHelper.java:141)
at org.testng.internal.invokers.TestInvoker.invokeMethod(TestInvoker.java:687)
at org.testng.internal.invokers.TestInvoker.invokeTestMethod(TestInvoker.java:230)
at org.testng.internal.invokers.MethodRunner.runInSequence(MethodRunner.java:63)
at org.testng.internal.invokers.TestInvoker$MethodInvocationAgent.invoke(TestInvoker.java:995)
at org.testng.internal.invokers.TestInvoker.invokeTestMethods(TestInvoker.java:203)
at org.testng.internal.invokers.TestMethodWorker.invokeTestMethods(TestMethodWorker.java:154)
at org.testng.internal.invokers.TestMethodWorker.run(TestMethodWorker.java:134)
at java.base/java.util.ArrayList.forEach(ArrayList.java:1596)
at org.testng.TestRunner.privateRun(TestRunner.java:741)
at org.testng.TestRunner.run(TestRunner.java:616)
at org.testng.SuiteRunner.runTest(SuiteRunner.java:421)
at org.testng.SuiteRunner.runSequentially(SuiteRunner.java:413)
at org.testng.SuiteRunner.privateRun(SuiteRunner.java:373)
at org.testng.SuiteRunner.run(SuiteRunner.java:312)
at org.testng.SuiteRunnerWorker.runSuite(SuiteRunnerWorker.java:52)
at org.testng.SuiteRunnerWorker.run(SuiteRunnerWorker.java:95)
at org.testng.TestNG.runSuitesSequentially(TestNG.java:1274)
at org.testng.TestNG.runSuitesLocally(TestNG.java:1208)
at org.testng.TestNG.runSuites(TestNG.java:1112)
at org.testng.TestNG.run(TestNG.java:1079)
at org.testng.remote.AbstractRemoteTestNG.run(AbstractRemoteTestNG.java:115)
at org.testng.remote.RemoteTestNG.initAndRun(RemoteTestNG.java:293)
at org.testng.remote.RemoteTestNG.main(RemoteTestNG.java:91)
]]>
    </error>
    <system-out>
      <![CDATA[About to begin executing following method : StockAnalysisBatchPageTest.SaveBaseDocumentPOVoucherUsingSavePrintBtn
Completed executing following method : StockAnalysisBatchPageTest.SaveBaseDocumentPOVoucherUsingSavePrintBtn
Test Method resides in com.focus.testcases.StockAnalysisBatchPageTest
Test Status: Failed
About to begin executing following method : BaseEngine.afterMethodExecution]]>
    </system-out>
  </testcase> <!-- SaveBaseDocumentPOVoucherUsingSavePrintBtn -->
  <testcase classname="com.focus.testcases.StockAnalysisBatchPageTest" name="EditBaseDocumentPOVoucher2UsingSaveVersionOptionAndEditNarrationAndRate" time="1.269">
    <error message="element click intercepted: Element &lt;a href=&quot;#&quot; id=&quot;135&quot; title=&quot;Inventory&quot; data-toggle=&quot;true&quot; data-bind=&quot;0&quot; class=&quot;nav-link hovco&quot; onclick=&quot;GLOBAL.DisplayList(this)&quot;&gt;...&lt;/a&gt; is not clickable at point (45, 323). Other element would receive the click: &lt;div class=&quot;modal fade ui-draggable ui-draggable-handle show&quot; id=&quot;id_fconfirm&quot; role=&quot;dialog&quot; data-bs-backdrop=&quot;static&quot; data-bs-keyboard=&quot;false&quot; aria-modal=&quot;true&quot; style=&quot;padding-right: 10px; display: block;&quot;&gt;...&lt;/div&gt;
  (Session info: chrome=147.0.7727.138)
Build info: version: &#039;3.12.0&#039;, revision: &#039;7c6e0b3&#039;, time: &#039;2018-05-08T14:04:26.12Z&#039;
System info: host: &#039;FOCUS-QA-133&#039;, ip: &#039;192.168.4.108&#039;, os.name: &#039;Windows 11&#039;, os.arch: &#039;amd64&#039;, os.version: &#039;10.0&#039;, java.version: &#039;21.0.8&#039;
Driver info: org.openqa.selenium.chrome.ChromeDriver
Capabilities {acceptInsecureCerts: false, browserName: chrome, browserVersion: 147.0.7727.138, chrome: {chromedriverVersion: 146.0.7680.165 (4b989da09e1..., userDataDir: C:\Users\Sanjeev\AppData\Lo...}, fedcm:accounts: true, goog:chromeOptions: {debuggerAddress: localhost:52451}, goog:processID: 11080, javascriptEnabled: true, networkConnectionEnabled: false, pageLoadStrategy: normal, platform: WINDOWS, platformName: WINDOWS, proxy: Proxy(), setWindowRect: true, strictFileInteractability: false, timeouts: {implicit: 0, pageLoad: 300000, script: 30000}, unhandledPromptBehavior: dismiss and notify, webauthn:extension:credBlob: true, webauthn:extension:largeBlob: true, webauthn:extension:minPinLength: true, webauthn:extension:prf: true, webauthn:virtualAuthenticators: true}
Session ID: 3722955a1aa5651bea079eca59d06aba" type="org.openqa.selenium.ElementClickInterceptedException">
      <![CDATA[org.openqa.selenium.ElementClickInterceptedException: element click intercepted: Element <a href="#" id="135" title="Inventory" data-toggle="true" data-bind="0" class="nav-link hovco" onclick="GLOBAL.DisplayList(this)">...</a> is not clickable at point (45, 323). Other element would receive the click: <div class="modal fade ui-draggable ui-draggable-handle show" id="id_fconfirm" role="dialog" data-bs-backdrop="static" data-bs-keyboard="false" aria-modal="true" style="padding-right: 10px; display: block;">...</div>
  (Session info: chrome=147.0.7727.138)
Build info: version: '3.12.0', revision: '7c6e0b3', time: '2018-05-08T14:04:26.12Z'
System info: host: 'FOCUS-QA-133', ip: '192.168.4.108', os.name: 'Windows 11', os.arch: 'amd64', os.version: '10.0', java.version: '21.0.8'
Driver info: org.openqa.selenium.chrome.ChromeDriver
[...]
About to begin executing following method : BaseEngine.afterMethodExecution
Completed executing following method : BaseEngine.afterMethodExecution
About to begin executing following method : BaseEngine.beforeMethodExecution
Completed executing following method : BaseEngine.beforeMethodExecution
About to begin executing following method : StockAnalysisBatchPageTest.checkSavingOpeningStockVoucher1ForTransactionGrossScenario
Completed executing following method : StockAnalysisBatchPageTest.checkSavingOpeningStockVoucher1ForTransactionGrossScenario
Test Method resides in com.focus.testcases.StockAnalysisBatchPageTest
Test Status: Failed
About to begin executing following method : BaseEngine.afterMethodExecution
Completed executing following method : BaseEngine.afterMethodExecution
About to begin executing following method : BaseEngine.beforeMethodExecution
Completed executing following method : BaseEngine.beforeMethodExecution
About to begin executing following method : StockAnalysisBatchPageTest.checkSavingAutoSalesOrderVoucher1ForTransactionGrossScenario
Completed executing following method : StockAnalysisBatchPageTest.checkSavingAutoSalesOrderVoucher1ForTransactionGrossScenario
Test Method resides in com.focus.testcases.StockAnalysisBatchPageTest
Test Status: Failed
About to begin executing following method : BaseEngine.afterMethodExecution
Completed executing following method : BaseEngine.afterMethodExecution
About to begin executing following method : BaseEngine.beforeMethodExecution
Completed executing following method : BaseEngine.beforeMethodExecution
About to begin executing following method : StockAnalysisBatchPageTest.checkAutoSavingSalesInvoiceVoucher1ForTransactionGrossScenario
Completed executing following method : StockAnalysisBatchPageTest.checkAutoSavingSalesInvoiceVoucher1ForTransactionGrossScenario
Test Method resides in com.focus.testcases.StockAnalysisBatchPageTest
Test Status: Failed
About to begin executing following method : BaseEngine.afterMethodExecution
Completed executing following method : BaseEngine.afterMethodExecution
About to begin executing following method : BaseEngine.beforeMethodExecution
Completed executing following method : BaseEngine.beforeMethodExecution
About to begin executing following method : StockAnalysisBatchPageTest.checkValidatingLinkdocumentAutoSalesInvoiceRateAndGrossValues
Completed executing following method : StockAnalysisBatchPageTest.checkValidatingLinkdocumentAutoSalesInvoiceRateAndGrossValues
Test Method resides in com.focus.testcases.StockAnalysisBatchPageTest
Test Status: Failed
About to begin executing following method : BaseEngine.afterMethodExecution
Completed executing following method : BaseEngine.afterMethodExecution
About to begin executing following method : BaseEngine.beforeMethodExecution
Completed executing following method : BaseEngine.beforeMethodExecution
About to begin executing following method : StockAnalysisBatchPageTest.CheckInActiveCustomerAccountInAccountMasters
Completed executing following method : StockAnalysisBatchPageTest.CheckInActiveCustomerAccountInAccountMasters
Test Method resides in com.focus.testcases.StockAnalysisBatchPageTest
Test Status: Failed
About to begin executing following method : BaseEngine.afterMethodExecution
Completed executing following method : BaseEngine.afterMethodExecution
About to begin executing following method : BaseEngine.beforeMethodExecution
Completed executing following method : BaseEngine.beforeMethodExecution
About to begin executing following method : StockAnalysisBatchPageTest.checkValidatingLinkdocumentAutoSalesInvoiceAfterInActiveAccount
Completed executing following method : StockAnalysisBatchPageTest.checkValidatingLinkdocumentAutoSalesInvoiceAfterInActiveAccount
Test Method resides in com.focus.testcases.StockAnalysisBatchPageTest
Test Status: Failed
About to begin executing following method : BaseEngine.afterMethodExecution
Completed executing following method : BaseEngine.afterMethodExecution
About to begin executing following method : BaseEngine.beforeMethodExecution
Completed executing following method : BaseEngine.beforeMethodExecution
About to begin executing following method : StockAnalysisBatchPageTest.CheckActiveCustomerAccountInAccountMasters
Completed executing following method : StockAnalysisBatchPageTest.CheckActiveCustomerAccountInAccountMasters
Test Method resides in com.focus.testcases.StockAnalysisBatchPageTest
Test Status: Failed
About to begin executing following method : BaseEngine.afterMethodExecution
Completed executing following method : BaseEngine.afterMethodExecution
About to begin executing following method : BaseEngine.beforeMethodExecution
Completed executing following method : BaseEngine.beforeMethodExecution
About to begin executing following method : StockAnalysisBatchPageTest.checkEraseAllTransactions1
Completed executing following method : StockAnalysisBatchPageTest.checkEraseAllTransactions1
Test Method resides in com.focus.testcases.StockAnalysisBatchPageTest
Test Status: Failed
About to begin executing following method : BaseEngine.afterMethodExecution
Completed executing following method : BaseEngine.afterMethodExecution
About to begin executing following method : BaseEngine.beforeMethodExecution
Completed executing following method : BaseEngine.beforeMethodExecution
About to begin executing following method : StockAnalysisBatchPageTest.SaveBaseDocumentPOVoucherWith2Rows
Completed executing following method : StockAnalysisBatchPageTest.SaveBaseDocumentPOVoucherWith2Rows
Test Method resides in com.focus.testcases.StockAnalysisBatchPageTest
Test Status: Failed
About to begin executing following method : BaseEngine.afterMethodExecution
Completed executing following method : BaseEngine.afterMethodExecution
About to begin executing following method : BaseEngine.beforeMethodExecution
Completed executing following method : BaseEngine.beforeMethodExecution
About to begin executing following method : StockAnalysisBatchPageTest.SaveLinkdocumentUsingCopyClipBoardOptionAndWithoutLinks
Completed executing following method : StockAnalysisBatchPageTest.SaveLinkdocumentUsingCopyClipBoardOptionAndWithoutLinks
Test Method resides in com.focus.testcases.StockAnalysisBatchPageTest
Test Status: Failed
About to begin executing following method : BaseEngine.afterMethodExecution
Completed executing following method : BaseEngine.afterMethodExecution
About to begin executing following method : BaseEngine.beforeMethodExecution
Completed executing following method : BaseEngine.beforeMethodExecution
About to begin executing following method : StockAnalysisBatchPageTest.editLinkdocumentInFirstRowGiveSpaceOnLPurchasesOrderScreenAndClickOnOkAndObserveTheLinkQtyIn2Rows
Completed executing following method : StockAnalysisBatchPageTest.editLinkdocumentInFirstRowGiveSpaceOnLPurchasesOrderScreenAndClickOnOkAndObserveTheLinkQtyIn2Rows
Test Method resides in com.focus.testcases.StockAnalysisBatchPageTest
Test Status: Failed
About to begin executing following method : BaseEngine.afterMethodExecution
Completed executing following method : BaseEngine.afterMethodExecution
About to begin executing following method : BaseEngine.beforeMethodExecution
Completed executing following method : BaseEngine.beforeMethodExecution
About to begin executing following method : StockAnalysisBatchPageTest.editBaseDocumentPOVoucher1WithDifferentQty
Completed executing following method : StockAnalysisBatchPageTest.editBaseDocumentPOVoucher1WithDifferentQty
Test Method resides in com.focus.testcases.StockAnalysisBatchPageTest
Test Status: Failed
About to begin executing following method : BaseEngine.afterMethodExecution
Completed executing following method : BaseEngine.afterMethodExecution
About to begin executing following method : BaseEngine.beforeMethodExecution
Completed executing following method : BaseEngine.beforeMethodExecution
About to begin executing following method : StockAnalysisBatchPageTest.SaveLinkdocument2UsingCopyClipBoardOptionAndWithoutLinksAndqtyAs10In2Rows
Completed executing following method : StockAnalysisBatchPageTest.SaveLinkdocument2UsingCopyClipBoardOptionAndWithoutLinksAndqtyAs10In2Rows
Test Method resides in com.focus.testcases.StockAnalysisBatchPageTest
Test Status: Failed
About to begin executing following method : BaseEngine.afterMethodExecution
Completed executing following method : BaseEngine.afterMethodExecution
About to begin executing following method : BaseEngine.beforeMethodExecution
Completed executing following method : BaseEngine.beforeMethodExecution
About to begin executing following method : StockAnalysisBatchPageTest.editLinkdocument2InFirstRowGiveSpaceOnLPurchasesOrderScreenAndClickOnOkAndObserveTheLinkQtyIn2Rows
Completed executing following method : StockAnalysisBatchPageTest.editLinkdocument2InFirstRowGiveSpaceOnLPurchasesOrderScreenAndClickOnOkAndObserveTheLinkQtyIn2Rows
Test Method resides in com.focus.testcases.StockAnalysisBatchPageTest
Test Status: Failed
About to begin executing following method : BaseEngine.afterMethodExecution
Completed executing following method : BaseEngine.afterMethodExecution
About to begin executing following method : BaseEngine.beforeMethodExecution
Completed executing following method : BaseEngine.beforeMethodExecution
About to begin executing following method : StockAnalysisBatchPageTest.SaveBaseDocumentPOVoucher2WithUnitconversions
Completed executing following method : StockAnalysisBatchPageTest.SaveBaseDocumentPOVoucher2WithUnitconversions
Test Method resides in com.focus.testcases.StockAnalysisBatchPageTest
Test Status: Failed
About to begin executing following method : BaseEngine.afterMethodExecution
Completed executing following method : BaseEngine.afterMethodExecution
About to begin executing following method : BaseEngine.beforeMethodExecution
Completed executing following method : BaseEngine.beforeMethodExecution
About to begin executing following method : StockAnalysisBatchPageTest.verifyLinkPopupValuesInLinkdoumentPurchaseVoucherN
Completed executing following method : StockAnalysisBatchPageTest.verifyLinkPopupValuesInLinkdoumentPurchaseVoucherN
Test Method resides in com.focus.testcases.StockAnalysisBatchPageTest
Test Status: Failed
About to begin executing following method : BaseEngine.afterMethodExecution
Completed executing following method : BaseEngine.afterMethodExecution
About to begin executing following method : BaseEngine.beforeMethodExecution
Completed executing following method : BaseEngine.beforeMethodExecution
About to begin executing following method : StockAnalysisBatchPageTest.SaveBaseDocumentNewMrnVoucher
Completed executing following method : StockAnalysisBatchPageTest.SaveBaseDocumentNewMrnVoucher
Test Method resides in com.focus.testcases.StockAnalysisBatchPageTest
Test Status: Failed
About to begin executing following method : BaseEngine.afterMethodExecution
Completed executing following method : BaseEngine.afterMethodExecution
About to begin executing following method : BaseEngine.beforeMethodExecution
Completed executing following method : BaseEngine.beforeMethodExecution
About to begin executing following method : StockAnalysisBatchPageTest.SaveLinkDocumentNewPVVoucherWith70Qty
Completed executing following method : StockAnalysisBatchPageTest.SaveLinkDocumentNewPVVoucherWith70Qty
Test Method resides in com.focus.testcases.StockAnalysisBatchPageTest
Test Status: Failed
About to begin executing following method : BaseEngine.afterMethodExecution
Completed executing following method : BaseEngine.afterMethodExecution
About to begin executing following method : BaseEngine.beforeMethodExecution
Completed executing following method : BaseEngine.beforeMethodExecution
About to begin executing following method : StockAnalysisBatchPageTest.SaveBaseDocumentNewMrnVoucher2
Completed executing following method : StockAnalysisBatchPageTest.SaveBaseDocumentNewMrnVoucher2
Test Method resides in com.focus.testcases.StockAnalysisBatchPageTest
Test Status: Failed
About to begin executing following method : BaseEngine.afterMethodExecution
Completed executing following method : BaseEngine.afterMethodExecution
About to begin executing following method : BaseEngine.beforeMethodExecution
Completed executing following method : BaseEngine.beforeMethodExecution
About to begin executing following method : StockAnalysisBatchPageTest.SaveLinkDocumentNewPVVoucher2UsingLoadLinkManually
Completed executing following method : StockAnalysisBatchPageTest.SaveLinkDocumentNewPVVoucher2UsingLoadLinkManually
Test Method resides in com.focus.testcases.StockAnalysisBatchPageTest
Test Status: Failed
About to begin executing following method : BaseEngine.afterMethodExecution
Completed executing following method : BaseEngine.afterMethodExecution
About to begin executing following method : BaseEngine.beforeMethodExecution
Completed executing following method : BaseEngine.beforeMethodExecution
About to begin executing following method : StockAnalysisBatchPageTest.savePaymentsVoucherwithCurrencyAsAED
Completed executing following method : StockAnalysisBatchPageTest.savePaymentsVoucherwithCurrencyAsAED
Test Method resides in com.focus.testcases.StockAnalysisBatchPageTest
Test Status: Failed
About to begin executing following method : BaseEngine.afterMethodExecution
Completed executing following method : BaseEngine.afterMethodExecution
About to begin executing following method : BaseEngine.beforeMethodExecution
Completed executing following method : BaseEngine.beforeMethodExecution
About to begin executing following method : StockAnalysisBatchPageTest.savePaymentsLinkVoucherWith50QtyUsingControlLAndValidateLinkPopupAmount
Completed executing following method : StockAnalysisBatchPageTest.savePaymentsLinkVoucherWith50QtyUsingControlLAndValidateLinkPopupAmount
Test Method resides in com.focus.testcases.StockAnalysisBatchPageTest
Test Status: Failed
About to begin executing following method : BaseEngine.afterMethodExecution
Completed executing following method : BaseEngine.afterMethodExecution
About to begin executing following method : BaseEngine.beforeMethodExecution
Completed executing following method : BaseEngine.beforeMethodExecution
About to begin executing following method : StockAnalysisBatchPageTest.validateLinkPopupAmountWithOnEditing
Completed executing following method : StockAnalysisBatchPageTest.validateLinkPopupAmountWithOnEditing
Test Method resides in com.focus.testcases.StockAnalysisBatchPageTest
Test Status: Failed
About to begin executing following method : BaseEngine.afterMethodExecution
Completed executing following method : BaseEngine.afterMethodExecution
About to begin executing following method : BaseEngine.beforeMethodExecution
Completed executing following method : BaseEngine.beforeMethodExecution
About to begin executing following method : StockAnalysisBatchPageTest.checkEraseAllTransactions2
Completed executing following method : StockAnalysisBatchPageTest.checkEraseAllTransactions2
Test Method resides in com.focus.testcases.StockAnalysisBatchPageTest
Test Status: Failed
About to begin executing following method : BaseEngine.afterMethodExecution
Completed executing following method : BaseEngine.afterMethodExecution
About to begin executing following method : BaseEngine.beforeMethodExecution
Completed executing following method : BaseEngine.beforeMethodExecution
About to begin executing following method : StockAnalysisBatchPageTest.selectTransactionAmountInPaymentFlowInLinkDefination
Completed executing following method : StockAnalysisBatchPageTest.selectTransactionAmountInPaymentFlowInLinkDefination
Test Method resides in com.focus.testcases.StockAnalysisBatchPageTest
Test Status: Failed
About to begin executing following method : BaseEngine.afterMethodExecution
Completed executing following method : BaseEngine.afterMethodExecution
About to begin executing following method : BaseEngine.beforeMethodExecution
Completed executing following method : BaseEngine.beforeMethodExecution
About to begin executing following method : StockAnalysisBatchPageTest.savePaymentsVoucherwithCurrencyAsAEDWhenLinkValueAsTransactionAmount
Completed executing following method : StockAnalysisBatchPageTest.savePaymentsVoucherwithCurrencyAsAEDWhenLinkValueAsTransactionAmount
Test Method resides in com.focus.testcases.StockAnalysisBatchPageTest
Test Status: Failed
About to begin executing following method : BaseEngine.afterMethodExecution
Completed executing following method : BaseEngine.afterMethodExecution
About to begin executing following method : BaseEngine.beforeMethodExecution
Completed executing following method : BaseEngine.beforeMethodExecution
About to begin executing following method : StockAnalysisBatchPageTest.savePaymentsLinkVoucherWith50QtyUsingControlLAndValidateLinkPopupAmountWhenLinkValueAsTransactionAmount
Completed executing following method : StockAnalysisBatchPageTest.savePaymentsLinkVoucherWith50QtyUsingControlLAndValidateLinkPopupAmountWhenLinkValueAsTransactionAmount
Test Method resides in com.focus.testcases.StockAnalysisBatchPageTest
Test Status: Failed
About to begin executing following method : BaseEngine.afterMethodExecution
Completed executing following method : BaseEngine.afterMethodExecution
About to begin executing following method : BaseEngine.beforeMethodExecution
Completed executing following method : BaseEngine.beforeMethodExecution
About to begin executing following method : StockAnalysisBatchPageTest.validateLinkPopupAmountWithOnEditingWhenLinkValueAsTransactionAmount
Completed executing following method : StockAnalysisBatchPageTest.validateLinkPopupAmountWithOnEditingWhenLinkValueAsTransactionAmount
Test Method resides in com.focus.testcases.StockAnalysisBatchPageTest
Test Status: Failed
About to begin executing following method : BaseEngine.afterMethodExecution
Completed executing following method : BaseEngine.afterMethodExecution
About to begin executing following method : BaseEngine.beforeMethodExecution
Completed executing following method : BaseEngine.beforeMethodExecution
About to begin executing following method : StockAnalysisBatchPageTest.checkEraseAllTransactions3
Completed executing following method : StockAnalysisBatchPageTest.checkEraseAllTransactions3
Test Method resides in com.focus.testcases.StockAnalysisBatchPageTest
Test Status: Failed
About to begin executing following method : BaseEngine.afterMethodExecution
Completed executing following method : BaseEngine.afterMethodExecution
About to begin executing following method : BaseEngine.beforeMethodExecution
Completed executing following method : BaseEngine.beforeMethodExecution
About to begin executing following method : StockAnalysisBatchPageTest.selectAmountInPaymentFlowInLinkDefination
Completed executing following method : StockAnalysisBatchPageTest.selectAmountInPaymentFlowInLinkDefination
Test Method resides in com.focus.testcases.StockAnalysisBatchPageTest
Test Status: Failed
About to begin executing following method : BaseEngine.afterMethodExecution
Completed executing following method : BaseEngine.afterMethodExecution
About to begin executing following method : BaseEngine.beforeMethodExecution
Completed executing following method : BaseEngine.beforeMethodExecution
About to begin executing following method : StockAnalysisBatchPageTest.checkLogout
Completed executing following method : StockAnalysisBatchPageTest.checkLogout
Test Method resides in com.focus.testcases.StockAnalysisBatchPageTest
Test Status: Failed
About to begin executing following method : BaseEngine.afterMethodExecution
Completed executing following method : BaseEngine.afterMethodExecution
About to begin executing following method : BaseEngine.generateReports
Completed executing following method : BaseEngine.generateReports
Completed executing test Test
About to begin executing following method : BaseEngine.closeBrowser
Completed executing following method : BaseEngine.closeBrowser]]>
  </system-out>
</testsuite> <!-- com.focus.testcases.StockAnalysisBatchPageTest -->
