<?xml version="1.0" encoding="UTF-8"?>
<!-- Generated by org.testng.reporters.JUnitReportReporter -->
<testsuite hostname="FOCUS-QA-133" failures="0" tests="2" name="com.focus.testcases.URLBrowserTest" time="6.388" errors="0" timestamp="2026-05-22T14:43:15 IST" skipped="0">
  <testcase classname="com.focus.testcases.URLBrowserTest" name="verifyBrowserOpen" time="4.395">
    <system-out>
      <![CDATA[About to begin executing following method : URLBrowserTest.verifyBrowserOpen
Completed executing following method : URLBrowserTest.verifyBrowserOpen
Test Method resides in com.focus.testcases.URLBrowserTest
Test Status: Pass
About to begin executing following method : BaseEngine.afterMethodExecution]]>
    </system-out>
  </testcase> <!-- verifyBrowserOpen -->
  <testcase classname="com.focus.testcases.URLBrowserTest" name="checkLoginPageTitleByURLInputInBrowser" time="1.993">
    <system-out>
      <![CDATA[About to begin executing following method : URLBrowserTest.checkLoginPageTitleByURLInputInBrowser
Completed executing following method : URLBrowserTest.checkLoginPageTitleByURLInputInBrowser
Test Method resides in com.focus.testcases.URLBrowserTest
Test Status: Pass
About to begin executing following method : BaseEngine.afterMethodExecution]]>
    </system-out>
  </testcase> <!-- checkLoginPageTitleByURLInputInBrowser -->
  <system-out>
    <![CDATA[About to begin executing Suite Suite
About to begin executing following method : BaseEngine.openBrowser
Completed executing following method : BaseEngine.openBrowser
About to begin executing Test Test
About to begin executing following method : BaseEngine.intialiseReports
Completed executing following method : BaseEngine.intialiseReports
About to begin executing following method : BaseEngine.beforeMethodExecution
Completed executing following method : BaseEngine.beforeMethodExecution
About to begin executing following method : URLBrowserTest.verifyBrowserOpen
Completed executing following method : URLBrowserTest.verifyBrowserOpen
Test Method resides in com.focus.testcases.URLBrowserTest
Test Status: Pass
About to begin executing following method : BaseEngine.afterMethodExecution
Completed executing following method : BaseEngine.afterMethodExecution
About to begin executing following method : BaseEngine.beforeMethodExecution
Completed executing following method : BaseEngine.beforeMethodExecution
About to begin executing following method : URLBrowserTest.checkLoginPageTitleByURLInputInBrowser
Completed executing following method : URLBrowserTest.checkLoginPageTitleByURLInputInBrowser
Test Method resides in com.focus.testcases.URLBrowserTest
Test Status: Pass
About to begin executing following method : BaseEngine.afterMethodExecution
Completed executing following method : BaseEngine.afterMethodExecution
About to begin executing following method : BaseEngine.beforeMethodExecution
Completed executing following method : BaseEngine.beforeMethodExecution
About to begin executing following method : TransactionAuthorizationDefinitionOptionsTest.checkLoginTOTA
Completed executing following method : TransactionAuthorizationDefinitionOptionsTest.checkLoginTOTA
Test Method resides in com.focus.testcases.TransactionAuthorizationDefinitionOptionsTest
Test Status: Failed
About to begin executing following method : BaseEngine.afterMethodExecution
Completed executing following method : BaseEngine.afterMethodExecution
About to begin executing following method : BaseEngine.beforeMethodExecution
Completed executing following method : BaseEngine.beforeMethodExecution
About to begin executing following method : TransactionAuthorizationDefinitionOptionsTest.checkSavingPurchaseVoucherNForSendAsAttachmentOptionInInvoiceEmailSettings
Completed executing following method : TransactionAuthorizationDefinitionOptionsTest.checkSavingPurchaseVoucherNForSendAsAttachmentOptionInInvoiceEmailSettings
Test Method resides in com.focus.testcases.TransactionAuthorizationDefinitionOptionsTest
Test Status: Pass
About to begin executing following method : BaseEngine.afterMethodExecution
Completed executing following method : BaseEngine.afterMethodExecution
About to begin executing following method : BaseEngine.beforeMethodExecution
Completed executing following method : BaseEngine.beforeMethodExecution
About to begin executing following method : TransactionAuthorizationDefinitionOptionsTest.checkAuthorizationStatusInVoucherHomePageForSendAsAttachmentOptionInInvoiceEmailSettings
Completed executing following method : TransactionAuthorizationDefinitionOptionsTest.checkAuthorizationStatusInVoucherHomePageForSendAsAttachmentOptionInInvoiceEmailSettings
Test Method resides in com.focus.testcases.TransactionAuthorizationDefinitionOptionsTest
Test Status: Pass
About to begin executing following method : BaseEngine.afterMethodExecution
Completed executing following method : BaseEngine.afterMethodExecution
About to begin executing following method : BaseEngine.beforeMethodExecution
Completed executing following method : BaseEngine.beforeMethodExecution
About to begin executing following method : TransactionAuthorizationDefinitionOptionsTest.checkLogoutAndLoginWithUser3ForSendAsAttachmentOptionInInvoiceEmailSettings
Completed executing following method : TransactionAuthorizationDefinitionOptionsTest.checkLogoutAndLoginWithUser3ForSendAsAttachmentOptionInInvoiceEmailSettings
Test Method resides in com.focus.testcases.TransactionAuthorizationDefinitionOptionsTest
Test Status: Failed
About to begin executing following method : BaseEngine.afterMethodExecution
Completed executing following method : BaseEngine.afterMethodExecution
About to begin executing following method : BaseEngine.beforeMethodExecution
Completed executing following method : BaseEngine.beforeMethodExecution
About to begin executing following method : TransactionAuthorizationDefinitionOptionsTest.checkApproveTheVoucherFromVoucherEntryPageForSendAsAttachmentOptionInInvoiceEmailSettings
Completed executing following method : TransactionAuthorizationDefinitionOptionsTest.checkApproveTheVoucherFromVoucherEntryPageForSendAsAttachmentOptionInInvoiceEmailSettings
Test Method resides in com.focus.testcases.TransactionAuthorizationDefinitionOptionsTest
Test Status: Failed
About to begin executing following method : BaseEngine.afterMethodExecution
Completed executing following method : BaseEngine.afterMethodExecution
About to begin executing following method : BaseEngine.beforeMethodExecution
Completed executing following method : BaseEngine.beforeMethodExecution
About to begin executing following method : TransactionAuthorizationDefinitionOptionsTest.checkEmailTemplateGettingToTheUserWithApproveTheVoucherFromVoucherEntryPageForSendAsAttachmentOptionInInvoiceEmailSettings
Completed executing following method : TransactionAuthorizationDefinitionOptionsTest.checkEmailTemplateGettingToTheUserWithApproveTheVoucherFromVoucherEntryPageForSendAsAttachmentOptionInInvoiceEmailSettings
Test Method resides in com.focus.testcases.TransactionAuthorizationDefinitionOptionsTest
Test Status: Failed
About to begin executing following method : BaseEngine.afterMethodExecution
Completed executing following method : BaseEngine.afterMethodExecution
About to begin executing following method : BaseEngine.beforeMethodExecution
Completed executing following method : BaseEngine.beforeMethodExecution
About to begin executing following method : TransactionAuthorizationDefinitionOptionsTest.checkSavingPurchaseVoucherN2ForSendAsAttachmentOptionInInvoiceEmailSettings
Completed executing following method : TransactionAuthorizationDefinitionOptionsTest.checkSavingPurchaseVoucherN2ForSendAsAttachmentOptionInInvoiceEmailSettings
Test Method resides in com.focus.testcases.TransactionAuthorizationDefinitionOptionsTest
Test Status: Failed
About to begin executing following method : BaseEngine.afterMethodExecution
Completed executing following method : BaseEngine.afterMethodExecution
About to begin executing following method : BaseEngine.beforeMethodExecution
Completed executing following method : BaseEngine.beforeMethodExecution
About to begin executing following method : TransactionAuthorizationDefinitionOptionsTest.checkAuthorizationStatusInVoucherHomePageForSendAsAttachmentOptionInInvoiceEmailSettings1
Completed executing following method : TransactionAuthorizationDefinitionOptionsTest.checkAuthorizationStatusInVoucherHomePageForSendAsAttachmentOptionInInvoiceEmailSettings1
Test Method resides in com.focus.testcases.TransactionAuthorizationDefinitionOptionsTest
Test Status: Failed
About to begin executing following method : BaseEngine.afterMethodExecution
Completed executing following method : BaseEngine.afterMethodExecution
About to begin executing following method : BaseEngine.beforeMethodExecution
Completed executing following method : BaseEngine.beforeMethodExecution
About to begin executing following method : TransactionAuthorizationDefinitionOptionsTest.checkLogoutAndLoginWithUser3ForSendAsAttachmentOptionInInvoiceEmailSettings1
Completed executing following method : TransactionAuthorizationDefinitionOptionsTest.checkLogoutAndLoginWithUser3ForSendAsAttachmentOptionInInvoiceEmailSettings1
Test Method resides in com.focus.testcases.TransactionAuthorizationDefinitionOptionsTest
Test Status: Failed
About to begin executing following method : BaseEngine.afterMethodExecution
Completed executing following method : BaseEngine.afterMethodExecution
About to begin executing following method : BaseEngine.beforeMethodExecution
Completed executing following method : BaseEngine.beforeMethodExecution
About to begin executing following method : TransactionAuthorizationDefinitionOptionsTest.checkApproveTheVoucherFromVoucherHomePageForSendAsAttachmentOptionInInvoiceEmailSettings
Completed executing following method : TransactionAuthorizationDefinitionOptionsTest.checkApproveTheVoucherFromVoucherHomePageForSendAsAttachmentOptionInInvoiceEmailSettings
Test Method resides in com.focus.testcases.TransactionAuthorizationDefinitionOptionsTest
Test Status: Failed
About to begin executing following method : BaseEngine.afterMethodExecution
Completed executing following method : BaseEngine.afterMethodExecution
About to begin executing following method : BaseEngine.beforeMethodExecution
Completed executing following method : BaseEngine.beforeMethodExecution
About to begin executing following method : TransactionAuthorizationDefinitionOptionsTest.checkEmailTemplateGettingToTheUserWithApproveTheVoucherFromVoucherHomePageForSendAsAttachmentOptionInInvoiceEmailSettings
Completed executing following method : TransactionAuthorizationDefinitionOptionsTest.checkEmailTemplateGettingToTheUserWithApproveTheVoucherFromVoucherHomePageForSendAsAttachmentOptionInInvoiceEmailSettings
Test Method resides in com.focus.testcases.TransactionAuthorizationDefinitionOptionsTest
Test Status: Failed
About to begin executing following method : BaseEngine.afterMethodExecution
Completed executing following method : BaseEngine.afterMethodExecution
About to begin executing following method : BaseEngine.beforeMethodExecution
Completed executing following method : BaseEngine.beforeMethodExecution
About to begin executing following method : TransactionAuthorizationDefinitionOptionsTest.checkSavingPurchaseVoucherN3ForSendAsAttachmentOptionInInvoiceEmailSettings
Completed executing following method : TransactionAuthorizationDefinitionOptionsTest.checkSavingPurchaseVoucherN3ForSendAsAttachmentOptionInInvoiceEmailSettings
Test Method resides in com.focus.testcases.TransactionAuthorizationDefinitionOptionsTest
Test Status: Failed
About to begin executing following method : BaseEngine.afterMethodExecution
Completed executing following method : BaseEngine.afterMethodExecution
About to begin executing following method : BaseEngine.beforeMethodExecution
Completed executing following method : BaseEngine.beforeMethodExecution
About to begin executing following method : TransactionAuthorizationDefinitionOptionsTest.checkAuthorizationStatusInVoucherHomePageForSendAsAttachmentOptionInInvoiceEmailSettings2
Completed executing following method : TransactionAuthorizationDefinitionOptionsTest.checkAuthorizationStatusInVoucherHomePageForSendAsAttachmentOptionInInvoiceEmailSettings2
Test Method resides in com.focus.testcases.TransactionAuthorizationDefinitionOptionsTest
Test Status: Failed
About to begin executing following method : BaseEngine.afterMethodExecution
Completed executing following method : BaseEngine.afterMethodExecution
About to begin executing following method : BaseEngine.beforeMethodExecution
Completed executing following method : BaseEngine.beforeMethodExecution
About to begin executing following method : TransactionAuthorizationDefinitionOptionsTest.checkLogoutAndLoginWithUser3ForSendAsAttachmentOptionInInvoiceEmailSettings2
Completed executing following method : TransactionAuthorizationDefinitionOptionsTest.checkLogoutAndLoginWithUser3ForSendAsAttachmentOptionInInvoiceEmailSettings2
Test Method resides in com.focus.testcases.TransactionAuthorizationDefinitionOptionsTest
Test Status: Failed
About to begin executing following method : BaseEngine.afterMethodExecution
Completed executing following method : BaseEngine.afterMethodExecution
About to begin executing following method : BaseEngine.beforeMethodExecution
Completed executing following method : BaseEngine.beforeMethodExecution
About to begin executing following method : TransactionAuthorizationDefinitionOptionsTest.checkRejectTheVoucherFromVoucherHomePageForSendAsAttachmentOptionInInvoiceEmailSettings
Completed executing following method : TransactionAuthorizationDefinitionOptionsTest.checkRejectTheVoucherFromVoucherHomePageForSendAsAttachmentOptionInInvoiceEmailSettings
Test Method resides in com.focus.testcases.TransactionAuthorizationDefinitionOptionsTest
Test Status: Failed
About to begin executing following method : BaseEngine.afterMethodExecution
Completed executing following method : BaseEngine.afterMethodExecution
About to begin executing following method : BaseEngine.beforeMethodExecution
Completed executing following method : BaseEngine.beforeMethodExecution
About to begin executing following method : TransactionAuthorizationDefinitionOptionsTest.checkEmailTemplateGettingToTheUserWithRejectTheVoucherFromVoucherHomePageForSendAsAttachmentOptionInInvoiceEmailSettings
Completed executing following method : TransactionAuthorizationDefinitionOptionsTest.checkEmailTemplateGettingToTheUserWithRejectTheVoucherFromVoucherHomePageForSendAsAttachmentOptionInInvoiceEmailSettings
Test Method resides in com.focus.testcases.TransactionAuthorizationDefinitionOptionsTest
Test Status: Failed
About to begin executing following method : BaseEngine.afterMethodExecution
Completed executing following method : BaseEngine.afterMethodExecution
About to begin executing following method : BaseEngine.beforeMethodExecution
Completed executing following method : BaseEngine.beforeMethodExecution
About to begin executing following method : TransactionAuthorizationDefinitionOptionsTest.checkSavingPurchaseVoucherN4ForSendAsAttachmentOptionInInvoiceEmailSettings
Completed executing following method : TransactionAuthorizationDefinitionOptionsTest.checkSavingPurchaseVoucherN4ForSendAsAttachmentOptionInInvoiceEmailSettings
Test Method resides in com.focus.testcases.TransactionAuthorizationDefinitionOptionsTest
Test Status: Failed
About to begin executing following method : BaseEngine.afterMethodExecution
Completed executing following method : BaseEngine.afterMethodExecution
About to begin executing following method : BaseEngine.beforeMethodExecution
Completed executing following method : BaseEngine.beforeMethodExecution
About to begin executing following method : TransactionAuthorizationDefinitionOptionsTest.checkAuthorizationStatusInVoucherHomePageForSendAsAttachmentOptionInInvoiceEmailSettings3
Completed executing following method : TransactionAuthorizationDefinitionOptionsTest.checkAuthorizationStatusInVoucherHomePageForSendAsAttachmentOptionInInvoiceEmailSettings3
Test Method resides in com.focus.testcases.TransactionAuthorizationDefinitionOptionsTest
Test Status: Failed
About to begin executing following method : BaseEngine.afterMethodExecution
Completed executing following method : BaseEngine.afterMethodExecution
About to begin executing following method : BaseEngine.beforeMethodExecution
Completed executing following method : BaseEngine.beforeMethodExecution
About to begin executing following method : TransactionAuthorizationDefinitionOptionsTest.checkLogoutAndLoginWithUser3ForSendAsAttachmentOptionInInvoiceEmailSettings3
Completed executing following method : TransactionAuthorizationDefinitionOptionsTest.checkLogoutAndLoginWithUser3ForSendAsAttachmentOptionInInvoiceEmailSettings3
Test Method resides in com.focus.testcases.TransactionAuthorizationDefinitionOptionsTest
Test Status: Failed
About to begin executing following method : BaseEngine.afterMethodExecution
Completed executing following method : BaseEngine.afterMethodExecution
About to begin executing following method : BaseEngine.beforeMethodExecution
Completed executing following method : BaseEngine.beforeMethodExecution
About to begin executing following method : TransactionAuthorizationDefinitionOptionsTest.checkRejectTheVoucherFromVoucherEntryPageForSendAsAttachmentOptionInInvoiceEmailSettings
Completed executing following method : TransactionAuthorizationDefinitionOptionsTest.checkRejectTheVoucherFromVoucherEntryPageForSendAsAttachmentOptionInInvoiceEmailSettings
Test Method resides in com.focus.testcases.TransactionAuthorizationDefinitionOptionsTest
Test Status: Failed
About to begin executing following method : BaseEngine.afterMethodExecution
Completed executing following method : BaseEngine.afterMethodExecution
About to begin executing following method : BaseEngine.beforeMethodExecution
Completed executing following method : BaseEngine.beforeMethodExecution
About to begin executing following method : TransactionAuthorizationDefinitionOptionsTest.checkEmailTemplateGettingToTheUserWithRejectTheVoucherFromVoucherEntryPageForSendAsAttachmentOptionInInvoiceEmailSettings
Completed executing following method : TransactionAuthorizationDefinitionOptionsTest.checkEmailTemplateGettingToTheUserWithRejectTheVoucherFromVoucherEntryPageForSendAsAttachmentOptionInInvoiceEmailSettings
Test Method resides in com.focus.testcases.TransactionAuthorizationDefinitionOptionsTest
Test Status: Failed
About to begin executing following method : BaseEngine.afterMethodExecution
Completed executing following method : BaseEngine.afterMethodExecution
About to begin executing following method : BaseEngine.beforeMethodExecution
Completed executing following method : BaseEngine.beforeMethodExecution
About to begin executing following method : TransactionAuthorizationDefinitionOptionsTest.checkSavingPurchaseVoucherN5ForSendAsAttachmentOptionInInvoiceEmailSettings
Completed executing following method : TransactionAuthorizationDefinitionOptionsTest.checkSavingPurchaseVoucherN5ForSendAsAttachmentOptionInInvoiceEmailSettings
Test Method resides in com.focus.testcases.TransactionAuthorizationDefinitionOptionsTest
Test Status: Failed
About to begin executing following method : BaseEngine.afterMethodExecution
Completed executing following method : BaseEngine.afterMethodExecution
About to begin executing following method : BaseEngine.beforeMethodExecution
Completed executing following method : BaseEngine.beforeMethodExecution
About to begin executing following method : TransactionAuthorizationDefinitionOptionsTest.checkAuthorizationStatusInVoucherHomePageForSendAsAttachmentOptionInInvoiceEmailSettings4
Completed executing following method : TransactionAuthorizationDefinitionOptionsTest.checkAuthorizationStatusInVoucherHomePageForSendAsAttachmentOptionInInvoiceEmailSettings4
Test Method resides in com.focus.testcases.TransactionAuthorizationDefinitionOptionsTest
Test Status: Failed
About to begin executing following method : BaseEngine.afterMethodExecution
Completed executing following method : BaseEngine.afterMethodExecution
About to begin executing following method : BaseEngine.beforeMethodExecution
Completed executing following method : BaseEngine.beforeMethodExecution
About to begin executing following method : TransactionAuthorizationDefinitionOptionsTest.checkLogoutAndLoginWithUser3ForSendAsAttachmentOptionInInvoiceEmailSettings4
Completed executing following method : TransactionAuthorizationDefinitionOptionsTest.checkLogoutAndLoginWithUser3ForSendAsAttachmentOptionInInvoiceEmailSettings4
Test Method resides in com.focus.testcases.TransactionAuthorizationDefinitionOptionsTest
Test Status: Failed
About to begin executing following method : BaseEngine.afterMethodExecution
Completed executing following method : BaseEngine.afterMethodExecution
About to begin executing following method : BaseEngine.beforeMethodExecution
Completed executing following method : BaseEngine.beforeMethodExecution
About to begin executing following method : TransactionAuthorizationDefinitionOptionsTest.checkApproveTheDocumentFromPendingAuthorizationTabForSendAsAttachmentOptionInInvoiceEmailSettings
Completed executing following method : TransactionAuthorizationDefinitionOptionsTest.checkApproveTheDocumentFromPendingAuthorizationTabForSendAsAttachmentOptionInInvoiceEmailSettings
Test Method resides in com.focus.testcases.TransactionAuthorizationDefinitionOptionsTest
Test Status: Failed
About to begin executing following method : BaseEngine.afterMethodExecution
Completed executing following method : BaseEngine.afterMethodExecution
About to begin executing following method : BaseEngine.beforeMethodExecution
Completed executing following method : BaseEngine.beforeMethodExecution
About to begin executing following method : TransactionAuthorizationDefinitionOptionsTest.checkEmailTemplateGettingToTheUserWithApproveTheDocumentFromPendingAuthorizationTabForSendAsAttachmentOptionInInvoiceEmailSettings
Completed executing following method : TransactionAuthorizationDefinitionOptionsTest.checkEmailTemplateGettingToTheUserWithApproveTheDocumentFromPendingAuthorizationTabForSendAsAttachmentOptionInInvoiceEmailSettings
Test Method resides in com.focus.testcases.TransactionAuthorizationDefinitionOptionsTest
Test Status: Failed
About to begin executing following method : BaseEngine.afterMethodExecution
Completed executing following method : BaseEngine.afterMethodExecution
About to begin executing following method : BaseEngine.beforeMethodExecution
Completed executing following method : BaseEngine.beforeMethodExecution
About to begin executing following method : TransactionAuthorizationDefinitionOptionsTest.checkSavingPurchaseVoucherN6ForSendAsAttachmentOptionInInvoiceEmailSettings
Completed executing following method : TransactionAuthorizationDefinitionOptionsTest.checkSavingPurchaseVoucherN6ForSendAsAttachmentOptionInInvoiceEmailSettings
Test Method resides in com.focus.testcases.TransactionAuthorizationDefinitionOptionsTest
Test Status: Failed
About to begin executing following method : BaseEngine.afterMethodExecution
Completed executing following method : BaseEngine.afterMethodExecution
About to begin executing following method : BaseEngine.beforeMethodExecution
Completed executing following method : BaseEngine.beforeMethodExecution
About to begin executing following method : TransactionAuthorizationDefinitionOptionsTest.checkAuthorizationStatusInVoucherHomePageForSendAsAttachmentOptionInInvoiceEmailSettings5
Completed executing following method : TransactionAuthorizationDefinitionOptionsTest.checkAuthorizationStatusInVoucherHomePageForSendAsAttachmentOptionInInvoiceEmailSettings5
Test Method resides in com.focus.testcases.TransactionAuthorizationDefinitionOptionsTest
Test Status: Failed
About to begin executing following method : BaseEngine.afterMethodExecution
Completed executing following method : BaseEngine.afterMethodExecution
About to begin executing following method : BaseEngine.beforeMethodExecution
Completed executing following method : BaseEngine.beforeMethodExecution
About to begin executing following method : TransactionAuthorizationDefinitionOptionsTest.checkLogoutAndLoginWithUser3ForSendAsAttachmentOptionInInvoiceEmailSettings5
Completed executing following method : TransactionAuthorizationDefinitionOptionsTest.checkLogoutAndLoginWithUser3ForSendAsAttachmentOptionInInvoiceEmailSettings5
Test Method resides in com.focus.testcases.TransactionAuthorizationDefinitionOptionsTest
Test Status: Failed
About to begin executing following method : BaseEngine.afterMethodExecution
Completed executing following method : BaseEngine.afterMethodExecution
About to begin executing following method : BaseEngine.beforeMethodExecution
Completed executing following method : BaseEngine.beforeMethodExecution
About to begin executing following method : TransactionAuthorizationDefinitionOptionsTest.checkRejectTheDocumentFromPendingAuthorizationTabForSendAsAttachmentOptionInInvoiceEmailSettings
Completed executing following method : TransactionAuthorizationDefinitionOptionsTest.checkRejectTheDocumentFromPendingAuthorizationTabForSendAsAttachmentOptionInInvoiceEmailSettings
Test Method resides in com.focus.testcases.TransactionAuthorizationDefinitionOptionsTest
Test Status: Failed
About to begin executing following method : BaseEngine.afterMethodExecution
Completed executing following method : BaseEngine.afterMethodExecution
About to begin executing following method : BaseEngine.beforeMethodExecution
Completed executing following method : BaseEngine.beforeMethodExecution
About to begin executing following method : TransactionAuthorizationDefinitionOptionsTest.checkEmailTemplateGettingToTheUserWithRejectTheDocumentFromPendingAuthorizationTabForSendAsAttachmentOptionInInvoiceEmailSettings
Completed executing following method : TransactionAuthorizationDefinitionOptionsTest.checkEmailTemplateGettingToTheUserWithRejectTheDocumentFromPendingAuthorizationTabForSendAsAttachmentOptionInInvoiceEmailSettings
Test Method resides in com.focus.testcases.TransactionAuthorizationDefinitionOptionsTest
Test Status: Failed
About to begin executing following method : BaseEngine.afterMethodExecution
Completed executing following method : BaseEngine.afterMethodExecution
About to begin executing following method : BaseEngine.beforeMethodExecution
Completed executing following method : BaseEngine.beforeMethodExecution
About to begin executing following method : TransactionAuthorizationDefinitionOptionsTest.checkSavingPurchaseVoucherNForSendAsAttachmentOptionForApproveThrougEmail
Completed executing following method : TransactionAuthorizationDefinitionOptionsTest.checkSavingPurchaseVoucherNForSendAsAttachmentOptionForApproveThrougEmail
Test Method resides in com.focus.testcases.TransactionAuthorizationDefinitionOptionsTest
Test Status: Failed
About to begin executing following method : BaseEngine.afterMethodExecution
Completed executing following method : BaseEngine.afterMethodExecution
About to begin executing following method : BaseEngine.beforeMethodExecution
Completed executing following method : BaseEngine.beforeMethodExecution
About to begin executing following method : TransactionAuthorizationDefinitionOptionsTest.checkApproveTheVoucherThroughEmail
Completed executing following method : TransactionAuthorizationDefinitionOptionsTest.checkApproveTheVoucherThroughEmail
Test Method resides in com.focus.testcases.TransactionAuthorizationDefinitionOptionsTest
Test Status: Failed
About to begin executing following method : BaseEngine.afterMethodExecution
Completed executing following method : BaseEngine.afterMethodExecution
About to begin executing following method : BaseEngine.beforeMethodExecution
Completed executing following method : BaseEngine.beforeMethodExecution
About to begin executing following method : TransactionAuthorizationDefinitionOptionsTest.checkSavingPurchaseVoucherNForSendAsAttachmentOptionForRejectThroughEmail
Completed executing following method : TransactionAuthorizationDefinitionOptionsTest.checkSavingPurchaseVoucherNForSendAsAttachmentOptionForRejectThroughEmail
Test Method resides in com.focus.testcases.TransactionAuthorizationDefinitionOptionsTest
Test Status: Failed
About to begin executing following method : BaseEngine.afterMethodExecution
Completed executing following method : BaseEngine.afterMethodExecution
About to begin executing following method : BaseEngine.beforeMethodExecution
Completed executing following method : BaseEngine.beforeMethodExecution
About to begin executing following method : TransactionAuthorizationDefinitionOptionsTest.checkRejectTheVoucherThroughEmail
Completed executing following method : TransactionAuthorizationDefinitionOptionsTest.checkRejectTheVoucherThroughEmail
Test Method resides in com.focus.testcases.TransactionAuthorizationDefinitionOptionsTest
Test Status: Failed
About to begin executing following method : BaseEngine.afterMethodExecution
Completed executing following method : BaseEngine.afterMethodExecution
About to begin executing following method : BaseEngine.beforeMethodExecution
Completed executing following method : BaseEngine.beforeMethodExecution
About to begin executing following method : TransactionAuthorizationDefinitionOptionsTest.checkLogout
Completed executing following method : TransactionAuthorizationDefinitionOptionsTest.checkLogout
Test Method resides in com.focus.testcases.TransactionAuthorizationDefinitionOptionsTest
Test Status: Failed
About to begin executing following method : BaseEngine.afterMethodExecution
Completed executing following method : BaseEngine.afterMethodExecution
About to begin executing following method : BaseEngine.generateReports
Completed executing following method : BaseEngine.generateReports
Completed executing test Test
About to begin executing following method : BaseEngine.closeBrowser
Completed executing following method : BaseEngine.closeBrowser]]>
  </system-out>
</testsuite> <!-- com.focus.testcases.URLBrowserTest -->
